%   1.694543   -0.833119   -1.375998    1.350528    7.931841   -0.301061   -0.201772    0.288460   -0.211256   -0.183185      4.6059      3.0853
% 2(abc)=   0.904x   0.739x   0.607 km
%   0.21618 7.4003E-01 1.7494E+01
% DE,DS,SunLat,ELat,ELHA,Mags,Amps
% 0.4319 1.2342   5.3  -3.7   48.5 16.23 13.98  7.98  6.14  0.22 0.26 0.24 0.23
% 0.3970 1.0781  -1.8 -25.5  -67.5 16.15 13.65  7.70  5.88  0.16 0.20 0.18 0.17
/wvl [
  0.550  0.578  0.608  0.639  0.671  0.705  0.741  0.779  0.819  0.861  0.905
  0.951  0.999  1.050  1.104  1.160  1.219  1.281  1.347  1.415  1.488  1.563
  1.643  1.727  1.815  1.908  2.005  2.107  2.215  2.328  2.446  2.571  2.702
  2.840  2.985  3.137  3.297  3.465  3.642  3.828  4.023  4.228  4.444  4.671
  4.909  5.159  5.422  5.699  5.990  6.295  6.616  6.954  7.308  7.681  8.073
  8.485  8.917  9.372  9.850 10.353 10.881 11.436 12.019 12.632 13.276 13.954
 14.665 15.413 16.200 17.026 17.894 18.807 19.766 20.774 21.834 22.948 24.118
 25.348 26.641 28.000
] def
1 0 0 SRGB
  3.353  0.141 7.930E-14 QQ
  4.603  0.161 2.646E-13 QQ
/ft [
 9.757E-13
 1.001E-12
 1.017E-12
 1.024E-12
 1.022E-12
 1.011E-12
 9.930E-13
 9.680E-13
 9.371E-13
 9.013E-13
 8.616E-13
 8.190E-13
 7.743E-13
 7.284E-13
 6.820E-13
 6.357E-13
 5.900E-13
 5.456E-13
 5.026E-13
 4.614E-13
 4.222E-13
 3.852E-13
 3.505E-13
 3.180E-13
 2.878E-13
 2.599E-13
 2.341E-13
 2.105E-13
 1.889E-13
 1.693E-13
 1.514E-13
 1.354E-13
 1.211E-13
 1.086E-13
 9.813E-14
 9.003E-14
 8.494E-14
 8.368E-14
 8.765E-14
 9.920E-14
 1.209E-13
 1.559E-13
 2.079E-13
 2.809E-13
 3.794E-13
 5.072E-13
 6.682E-13
 8.650E-13
 1.099E-12
 1.371E-12
 1.677E-12
 2.016E-12
 2.380E-12
 2.763E-12
 3.156E-12
 3.550E-12
 3.935E-12
 4.301E-12
 4.638E-12
 4.939E-12
 5.197E-12
 5.406E-12
 5.563E-12
 5.666E-12
 5.716E-12
 5.713E-12
 5.662E-12
 5.565E-12
 5.428E-12
 5.256E-12
 5.055E-12
 4.830E-12
 4.588E-12
 4.333E-12
 4.070E-12
 3.804E-12
 3.539E-12
 3.277E-12
 3.022E-12
 2.776E-12
] def doit
0 0.7 0 SRGB
  3.353  0.351 1.024E-13 QQ
  4.603  0.161 3.335E-13 QQ
/ft [
 9.542E-13
 9.791E-13
 9.948E-13
 1.001E-12
 9.993E-13
 9.890E-13
 9.711E-13
 9.466E-13
 9.164E-13
 8.814E-13
 8.426E-13
 8.010E-13
 7.573E-13
 7.123E-13
 6.669E-13
 6.216E-13
 5.770E-13
 5.335E-13
 4.915E-13
 4.512E-13
 4.129E-13
 3.767E-13
 3.427E-13
 3.110E-13
 2.815E-13
 2.541E-13
 2.290E-13
 2.059E-13
 1.848E-13
 1.656E-13
 1.482E-13
 1.326E-13
 1.189E-13
 1.071E-13
 9.769E-14
 9.117E-14
 8.855E-14
 9.109E-14
 1.008E-13
 1.208E-13
 1.547E-13
 2.065E-13
 2.813E-13
 3.843E-13
 5.210E-13
 6.964E-13
 9.150E-13
 1.180E-12
 1.492E-12
 1.852E-12
 2.256E-12
 2.698E-12
 3.172E-12
 3.667E-12
 4.173E-12
 4.676E-12
 5.165E-12
 5.627E-12
 6.051E-12
 6.426E-12
 6.744E-12
 6.999E-12
 7.187E-12
 7.305E-12
 7.356E-12
 7.340E-12
 7.263E-12
 7.128E-12
 6.944E-12
 6.716E-12
 6.452E-12
 6.159E-12
 5.844E-12
 5.514E-12
 5.176E-12
 4.834E-12
 4.494E-12
 4.159E-12
 3.833E-12
 3.519E-12
] def doit
