%   1.072155   -0.207779   -1.257852    0.892564    5.900840    0.152257   -0.257945   -0.004681      9.9242      0.4948
%   0.23898 1.1645E+00 2.8513E+00
% DE,DS,Phase,SunLat,ELat,ELHA,Mags
% 0.2297 1.0160  75.4 -34.8  28.6  -43.2 14.08 11.40  5.89  4.08
/wvl [
  0.550  0.578  0.608  0.639  0.671  0.705  0.741  0.779  0.819  0.861  0.905
  0.951  0.999  1.050  1.104  1.160  1.219  1.281  1.347  1.415  1.488  1.563
  1.643  1.727  1.815  1.908  2.005  2.107  2.215  2.328  2.446  2.571  2.702
  2.840  2.985  3.137  3.297  3.465  3.642  3.828  4.023  4.228  4.444  4.671
  4.909  5.159  5.422  5.699  5.990  6.295  6.616  6.954  7.308  7.681  8.073
  8.485  8.917  9.372  9.850 10.353 10.881 11.436 12.019 12.632 13.276 13.954
 14.665 15.413 16.200 17.026 17.894 18.807 19.766 20.774 21.834 22.948 24.118
 25.348 26.641 28.000
] def
1 0 0 SRGB
  3.353  0.082 5.852E-13 QQ
  4.603  0.036 2.791E-12 QQ
/ft [
 6.073E-12
 6.182E-12
 6.231E-12
 6.222E-12
 6.160E-12
 6.047E-12
 5.891E-12
 5.696E-12
 5.471E-12
 5.220E-12
 4.950E-12
 4.668E-12
 4.378E-12
 4.086E-12
 3.795E-12
 3.509E-12
 3.231E-12
 2.964E-12
 2.708E-12
 2.467E-12
 2.239E-12
 2.027E-12
 1.829E-12
 1.646E-12
 1.478E-12
 1.324E-12
 1.184E-12
 1.056E-12
 9.410E-13
 8.379E-13
 7.467E-13
 6.679E-13
 6.028E-13
 5.536E-13
 5.243E-13
 5.211E-13
 5.525E-13
 6.301E-13
 7.687E-13
 9.862E-13
 1.304E-12
 1.744E-12
 2.332E-12
 3.090E-12
 4.040E-12
 5.199E-12
 6.578E-12
 8.181E-12
 1.000E-11
 1.203E-11
 1.423E-11
 1.657E-11
 1.901E-11
 2.151E-11
 2.400E-11
 2.643E-11
 2.875E-11
 3.090E-11
 3.284E-11
 3.453E-11
 3.593E-11
 3.702E-11
 3.779E-11
 3.823E-11
 3.835E-11
 3.817E-11
 3.770E-11
 3.696E-11
 3.598E-11
 3.481E-11
 3.346E-11
 3.198E-11
 3.039E-11
 2.873E-11
 2.702E-11
 2.530E-11
 2.358E-11
 2.188E-11
 2.022E-11
 1.862E-11
] def doit
