 SPRCNPX_SET called
 Enter Dsun,Sunlat,Elat,ELHA,X,A,B,C
   1.04999995      -30.0000000      -74.0000000      -172.000000       19.7000008       1.10000002      0.899999976      0.899999976    
 Phase =    75.8627853    

 1087  894  790  690  633  612  550  553  587  550  612  633  690  790  894 1087
 1093  915  809  724  666  621  607  570  604  607  621  666  724  809  915 1093
 1104  949  819  750  690  656  631  608  644  631  656  690  750  819  949 1104
 1135 1003  922  851  804  769  747  711  751  747  769  804  851  922 1003 1135
 1191 1076  992  937  898  871  849  827  869  849  871  898  937  992 1076 1191
 1134 1110 1067 1031 1005  988  976  946  992  976  988 1005 1031 1067 1110 1134
 1198 1176 1158 1137 1124 1121 1103 1087 1135 1103 1121 1124 1137 1158 1176 1198
 1208 1203 1211 1199 1198 1193 1202 1152 1203 1202 1193 1198 1199 1211 1203 1208
 1208 1203 1220 1224 1223 1218 1228 1177 1228 1228 1218 1223 1224 1220 1203 1208
 1198 1176 1158 1137 1124 1121 1103 1087 1135 1103 1121 1124 1137 1158 1176 1198
 1134 1110 1067 1031 1005  988  976  946  992  976  988 1005 1031 1067 1110 1134
 1191 1076  992  937  898  871  849  827  869  849  871  898  937  992 1076 1191
 1135 1003  922  851  804  769  747  711  751  747  769  804  851  922 1003 1135
 1104  949  819  750  690  656  631  608  644  631  656  690  750  819  949 1104
 1093  915  809  724  666  621  607  570  604  607  621  666  724  809  915 1093
 1087  878  753  661  603  584  525  528  562  525  584  603  661  753  878 1087
 1087  894  790  690  633  612  550  553  587  550  612  633  690  790  894 1087
 1093  915  809  724  666  621  607  570  604  607  621  666  724  809  915 1093
 1104  949  819  750  690  656  631  608  644  631  656  690  750  819  949 1104
 1135 1003  922  851  804  769  747  711  751  747  769  804  851  922 1003 1135
 1191 1076  992  937  898  871  849  827  869  849  871  898  937  992 1076 1191
 1134 1110 1067 1031 1005  988  976  946  992  976  988 1005 1031 1067 1110 1134
 1198 1176 1158 1137 1124 1121 1103 1087 1135 1103 1121 1124 1137 1158 1176 1198
 1208 1203 1211 1199 1198 1193 1202 1152 1203 1202 1193 1198 1199 1211 1203 1208
 1208 1203 1220 1224 1223 1218 1228 1177 1228 1228 1218 1223 1224 1220 1203 1208
 1198 1176 1158 1137 1124 1121 1103 1087 1135 1103 1121 1124 1137 1158 1176 1198
 1134 1110 1067 1031 1005  988  976  946  992  976  988 1005 1031 1067 1110 1134
 1191 1076  992  937  898  871  849  827  869  849  871  898  937  992 1076 1191
 1135 1003  922  851  804  769  747  711  751  747  769  804  851  922 1003 1135
 1104  949  819  750  690  656  631  608  644  631  656  690  750  819  949 1104
 1093  915  809  724  666  621  607  570  604  607  621  666  724  809  915 1093
 1087  878  753  661  603  584  525  528  562  525  584  603  661  753  878 1087

  1.940167E-03  9.687195E-01


 1    72   647  5758 11871 13245  0.976
 2    72   650  5760 11855 13224  0.977
 3    73   653  5760 11838 13207  0.979
 4    73   656  5760 11824 13196  0.981
 5    73   658  5760 11814 13193  0.983
 6    74   660  5759 11810 13197  0.986
 7    74   660  5757 11812 13209  0.987
 8    73   658  5756 11819 13225  0.988
 9    73   656  5755 11831 13243  0.988
10    73   654  5754 11846 13261  0.987
11    72   651  5753 11861 13277  0.985
12    72   648  5752 11875 13287  0.982
13    71   645  5752 11885 13291  0.980
14    71   644  5753 11890 13289  0.978
15    71   644  5754 11890 13280  0.976
16    71   645  5756 11883 13264  0.976
17    72   647  5758 11871 13245  0.976
18    72   650  5760 11855 13224  0.977
19    73   653  5760 11838 13207  0.979
20    73   656  5760 11824 13196  0.981
21    73   658  5760 11814 13193  0.983
22    74   660  5759 11810 13197  0.986
23    74   660  5757 11812 13209  0.987
24    73   658  5756 11819 13225  0.988
25    73   656  5755 11831 13243  0.988
26    73   654  5754 11846 13261  0.987
27    72   651  5753 11861 13277  0.985
28    72   648  5752 11875 13287  0.982
29    71   645  5752 11885 13291  0.980
30    71   644  5753 11890 13289  0.978
31    71   644  5754 11890 13280  0.976
32    71   645  5756 11883 13264  0.976
 SPRCNPX_SET called
 Enter Dsun,Sunlat,Elat,ELHA,X,A,B,C
   1.04999995      -38.0000000      -22.0000000      -86.0000000       19.7000008       1.10000002      0.899999976      0.899999976    
 Phase =    73.6444550    

 1087  894  790  690  633  612  550  553  587  550  612  633  690  790  894 1087
 1093  915  809  724  666  621  607  570  604  607  621  666  724  809  915 1093
 1104  949  819  750  690  656  631  608  644  631  656  690  750  819  949 1104
 1135 1003  922  851  804  769  747  711  751  747  769  804  851  922 1003 1135
 1191 1076  992  937  898  871  849  827  869  849  871  898  937  992 1076 1191
 1134 1110 1067 1031 1005  988  976  946  992  976  988 1005 1031 1067 1110 1134
 1198 1176 1158 1137 1124 1121 1103 1087 1135 1103 1121 1124 1137 1158 1176 1198
 1208 1203 1211 1199 1198 1193 1202 1152 1203 1202 1193 1198 1199 1211 1203 1208
 1208 1203 1220 1224 1223 1218 1228 1177 1228 1228 1218 1223 1224 1220 1203 1208
 1198 1176 1158 1137 1124 1121 1103 1087 1135 1103 1121 1124 1137 1158 1176 1198
 1134 1110 1067 1031 1005  988  976  946  992  976  988 1005 1031 1067 1110 1134
 1191 1076  992  937  898  871  849  827  869  849  871  898  937  992 1076 1191
 1135 1003  922  851  804  769  747  711  751  747  769  804  851  922 1003 1135
 1104  949  819  750  690  656  631  608  644  631  656  690  750  819  949 1104
 1093  915  809  724  666  621  607  570  604  607  621  666  724  809  915 1093
 1087  878  753  661  603  584  525  528  562  525  584  603  661  753  878 1087
 1087  894  790  690  633  612  550  553  587  550  612  633  690  790  894 1087
 1093  915  809  724  666  621  607  570  604  607  621  666  724  809  915 1093
 1104  949  819  750  690  656  631  608  644  631  656  690  750  819  949 1104
 1135 1003  922  851  804  769  747  711  751  747  769  804  851  922 1003 1135
 1191 1076  992  937  898  871  849  827  869  849  871  898  937  992 1076 1191
 1134 1110 1067 1031 1005  988  976  946  992  976  988 1005 1031 1067 1110 1134
 1198 1176 1158 1137 1124 1121 1103 1087 1135 1103 1121 1124 1137 1158 1176 1198
 1208 1203 1211 1199 1198 1193 1202 1152 1203 1202 1193 1198 1199 1211 1203 1208
 1208 1203 1220 1224 1223 1218 1228 1177 1228 1228 1218 1223 1224 1220 1203 1208
 1198 1176 1158 1137 1124 1121 1103 1087 1135 1103 1121 1124 1137 1158 1176 1198
 1134 1110 1067 1031 1005  988  976  946  992  976  988 1005 1031 1067 1110 1134
 1191 1076  992  937  898  871  849  827  869  849  871  898  937  992 1076 1191
 1135 1003  922  851  804  769  747  711  751  747  769  804  851  922 1003 1135
 1104  949  819  750  690  656  631  608  644  631  656  690  750  819  949 1104
 1093  915  809  724  666  621  607  570  604  607  621  666  724  809  915 1093
 1087  878  753  661  603  584  525  528  562  525  584  603  661  753  878 1087

  1.940167E-03  9.783539E-01


 1    51   437  3971  8490 10243  0.987
 2    49   420  3826  8219 10003  0.978
 3    47   409  3715  7991  9761  0.959
 4    47   404  3650  7830  9545  0.934
 5    47   406  3637  7755  9379  0.905
 6    48   414  3680  7777  9288  0.877
 7    50   429  3777  7899  9290  0.854
 8    52   448  3918  8114  9398  0.840
 9    55   470  4085  8397  9602  0.838
10    57   489  4252  8704  9873  0.849
11    59   503  4386  8977 10161  0.869
12    60   509  4463  9165 10411  0.897
13    59   505  4468  9235 10578  0.926
14    58   494  4404  9179 10638  0.953
15    56   477  4285  9012 10590  0.974
16    53   456  4132  8768 10449  0.985
17    51   437  3971  8490 10243  0.987
18    49   420  3826  8219 10003  0.978
19    47   409  3715  7991  9761  0.959
20    47   404  3650  7830  9545  0.934
21    47   406  3637  7755  9379  0.905
22    48   414  3680  7777  9288  0.877
23    50   429  3777  7899  9290  0.854
24    52   448  3918  8114  9398  0.840
25    55   470  4085  8397  9602  0.838
26    57   489  4252  8704  9873  0.849
27    59   503  4386  8977 10161  0.869
28    60   509  4463  9165 10411  0.897
29    59   505  4468  9235 10578  0.926
30    58   494  4404  9179 10638  0.953
31    56   477  4285  9012 10590  0.974
32    53   456  4132  8768 10449  0.985
 SPRCNPX_SET called
 Enter Dsun,Sunlat,Elat,ELHA,X,A,B,C
   1.04999995       0.00000000       0.00000000      -75.0000000       19.7000008       1.10000002      0.899999976      0.899999976    
 Phase =    75.0000000    

 1087  894  790  690  633  612  550  553  587  550  612  633  690  790  894 1087
 1093  915  809  724  666  621  607  570  604  607  621  666  724  809  915 1093
 1104  949  819  750  690  656  631  608  644  631  656  690  750  819  949 1104
 1135 1003  922  851  804  769  747  711  751  747  769  804  851  922 1003 1135
 1191 1076  992  937  898  871  849  827  869  849  871  898  937  992 1076 1191
 1134 1110 1067 1031 1005  988  976  946  992  976  988 1005 1031 1067 1110 1134
 1198 1176 1158 1137 1124 1121 1103 1087 1135 1103 1121 1124 1137 1158 1176 1198
 1208 1203 1211 1199 1198 1193 1202 1152 1203 1202 1193 1198 1199 1211 1203 1208
 1208 1203 1220 1224 1223 1218 1228 1177 1228 1228 1218 1223 1224 1220 1203 1208
 1198 1176 1158 1137 1124 1121 1103 1087 1135 1103 1121 1124 1137 1158 1176 1198
 1134 1110 1067 1031 1005  988  976  946  992  976  988 1005 1031 1067 1110 1134
 1191 1076  992  937  898  871  849  827  869  849  871  898  937  992 1076 1191
 1135 1003  922  851  804  769  747  711  751  747  769  804  851  922 1003 1135
 1104  949  819  750  690  656  631  608  644  631  656  690  750  819  949 1104
 1093  915  809  724  666  621  607  570  604  607  621  666  724  809  915 1093
 1087  878  753  661  603  584  525  528  562  525  584  603  661  753  878 1087
 1087  894  790  690  633  612  550  553  587  550  612  633  690  790  894 1087
 1093  915  809  724  666  621  607  570  604  607  621  666  724  809  915 1093
 1104  949  819  750  690  656  631  608  644  631  656  690  750  819  949 1104
 1135 1003  922  851  804  769  747  711  751  747  769  804  851  922 1003 1135
 1191 1076  992  937  898  871  849  827  869  849  871  898  937  992 1076 1191
 1134 1110 1067 1031 1005  988  976  946  992  976  988 1005 1031 1067 1110 1134
 1198 1176 1158 1137 1124 1121 1103 1087 1135 1103 1121 1124 1137 1158 1176 1198
 1208 1203 1211 1199 1198 1193 1202 1152 1203 1202 1193 1198 1199 1211 1203 1208
 1208 1203 1220 1224 1223 1218 1228 1177 1228 1228 1218 1223 1224 1220 1203 1208
 1198 1176 1158 1137 1124 1121 1103 1087 1135 1103 1121 1124 1137 1158 1176 1198
 1134 1110 1067 1031 1005  988  976  946  992  976  988 1005 1031 1067 1110 1134
 1191 1076  992  937  898  871  849  827  869  849  871  898  937  992 1076 1191
 1135 1003  922  851  804  769  747  711  751  747  769  804  851  922 1003 1135
 1104  949  819  750  690  656  631  608  644  631  656  690  750  819  949 1104
 1093  915  809  724  666  621  607  570  604  607  621  666  724  809  915 1093
 1087  878  753  661  603  584  525  528  562  525  584  603  661  753  878 1087

  3.451059E-01  9.561499E-01


 1    26   223  2519  6251  8845  0.983
 2    25   208  2364  5918  8491  0.962
 3    24   200  2263  5670  8167  0.933
 4    23   200  2227  5533  7915  0.899
 5    24   207  2259  5525  7766  0.865
 6    26   221  2359  5649  7745  0.837
 7    28   242  2519  5905  7871  0.820
 8    31   266  2726  6271  8144  0.817
 9    34   290  2952  6702  8533  0.830
10    37   311  3152  7116  8963  0.855
11    38   322  3284  7428  9349  0.887
12    38   321  3324  7581  9623  0.922
13    37   310  3268  7556  9746  0.954
14    35   291  3127  7358  9697  0.978
15    32   268  2933  7035  9505  0.992
16    29   244  2717  6642  9200  0.994
17    26   223  2519  6251  8845  0.983
18    25   208  2364  5918  8491  0.962
19    24   200  2263  5670  8167  0.933
20    23   200  2227  5533  7915  0.899
21    24   207  2259  5525  7766  0.865
22    26   221  2359  5649  7745  0.837
23    28   242  2519  5905  7871  0.820
24    31   266  2726  6271  8144  0.817
25    34   290  2952  6702  8533  0.830
26    37   311  3152  7116  8963  0.855
27    38   322  3284  7428  9349  0.887
28    38   321  3324  7581  9623  0.922
29    37   310  3268  7556  9746  0.954
30    35   291  3127  7358  9697  0.978
31    32   268  2933  7035  9505  0.992
32    29   244  2717  6642  9200  0.994
 SPRCNPX_SET called
 Enter Dsun,Sunlat,Elat,ELHA,X,A,B,C
   1.04999995       0.00000000       0.00000000      -75.0000000       19.7000008       2.20000005       1.89999998       1.89999998    
 Phase =    75.0000000    

 4502 3904 3672 3317 3137 2945 2889 2752 2903 2889 2945 3137 3317 3672 3904 4502
 4485 3945 3452 3196 2967 2872 2741 2681 2830 2741 2872 2967 3196 3452 3945 4485
 4543 4072 3812 3523 3352 3229 3130 3000 3169 3130 3229 3352 3523 3812 4072 4543
 4629 4249 3922 3733 3566 3437 3390 3254 3416 3390 3437 3566 3733 3922 4249 4629
 4697 4417 4163 3987 3853 3780 3723 3604 3781 3723 3780 3853 3987 4163 4417 4697
 4754 4593 4532 4439 4377 4300 4272 4148 4345 4272 4300 4377 4439 4532 4593 4754
 4848 4761 4654 4645 4600 4568 4560 4457 4653 4560 4568 4600 4645 4654 4761 4848
 4798 4796 4858 4759 4754 4766 4768 4570 4769 4768 4766 4754 4759 4858 4796 4798
 4798 4796 4896 4872 4866 4879 4881 4683 4882 4881 4879 4866 4872 4896 4796 4798
 4848 4761 4654 4645 4600 4568 4560 4457 4653 4560 4568 4600 4645 4654 4761 4848
 4754 4593 4532 4439 4377 4300 4272 4148 4345 4272 4300 4377 4439 4532 4593 4754
 4697 4417 4163 3987 3853 3780 3723 3604 3781 3723 3780 3853 3987 4163 4417 4697
 4629 4249 3922 3733 3566 3437 3390 3254 3416 3390 3437 3566 3733 3922 4249 4629
 4543 4072 3812 3523 3352 3229 3130 3000 3169 3130 3229 3352 3523 3812 4072 4543
 4485 3945 3452 3196 2967 2872 2741 2681 2830 2741 2872 2967 3196 3452 3945 4485
 4502 3882 3523 3187 3015 2821 2776 2639 2790 2776 2821 3015 3187 3523 3882 4502
 4502 3904 3672 3317 3137 2945 2889 2752 2903 2889 2945 3137 3317 3672 3904 4502
 4485 3945 3452 3196 2967 2872 2741 2681 2830 2741 2872 2967 3196 3452 3945 4485
 4543 4072 3812 3523 3352 3229 3130 3000 3169 3130 3229 3352 3523 3812 4072 4543
 4629 4249 3922 3733 3566 3437 3390 3254 3416 3390 3437 3566 3733 3922 4249 4629
 4697 4417 4163 3987 3853 3780 3723 3604 3781 3723 3780 3853 3987 4163 4417 4697
 4754 4593 4532 4439 4377 4300 4272 4148 4345 4272 4300 4377 4439 4532 4593 4754
 4848 4761 4654 4645 4600 4568 4560 4457 4653 4560 4568 4600 4645 4654 4761 4848
 4798 4796 4858 4759 4754 4766 4768 4570 4769 4768 4766 4754 4759 4858 4796 4798
 4798 4796 4896 4872 4866 4879 4881 4683 4882 4881 4879 4866 4872 4896 4796 4798
 4848 4761 4654 4645 4600 4568 4560 4457 4653 4560 4568 4600 4645 4654 4761 4848
 4754 4593 4532 4439 4377 4300 4272 4148 4345 4272 4300 4377 4439 4532 4593 4754
 4697 4417 4163 3987 3853 3780 3723 3604 3781 3723 3780 3853 3987 4163 4417 4697
 4629 4249 3922 3733 3566 3437 3390 3254 3416 3390 3437 3566 3733 3922 4249 4629
 4543 4072 3812 3523 3352 3229 3130 3000 3169 3130 3229 3352 3523 3812 4072 4543
 4485 3945 3452 3196 2967 2872 2741 2681 2830 2741 2872 2967 3196 3452 3945 4485
 4502 3882 3523 3187 3015 2821 2776 2639 2790 2776 2821 3015 3187 3523 3882 4502

  3.451059E-01  9.561499E-01


 1   120  1011 11219 27452 38219  4.165
 2   114   961 10695 26333 37033  4.095
 3   110   935 10361 25515 35976  4.000
 4   110   934 10246 25076 35164  3.891
 5   112   957 10352 25047 34681  3.783
 6   118  1005 10694 25489 34655  3.696
 7   126  1073 11235 26359 35112  3.645
 8   135  1150 11896 27534 35989  3.636
 9   144  1226 12598 28877 37198  3.674
10   152  1288 13214 30157 38532  3.751
11   156  1323 13637 31155 39767  3.854
12   156  1323 13769 31651 40645  3.965
13   153  1289 13595 31575 41039  4.067
14   146  1230 13167 30983 40928  4.148
15   137  1155 12546 29953 40313  4.192
16   128  1077 11853 28695 39342  4.197
17   120  1011 11219 27452 38219  4.165
18   114   961 10695 26333 37033  4.095
19   110   935 10361 25515 35976  4.000
20   110   934 10246 25076 35164  3.891
21   112   957 10352 25047 34681  3.783
22   118  1005 10694 25489 34655  3.696
23   126  1073 11235 26359 35112  3.645
24   135  1150 11896 27534 35989  3.636
25   144  1226 12598 28877 37198  3.674
26   152  1288 13214 30157 38532  3.751
27   156  1323 13637 31155 39767  3.854
28   156  1323 13769 31651 40645  3.965
29   153  1289 13595 31575 41039  4.067
30   146  1230 13167 30983 40928  4.148
31   137  1155 12546 29953 40313  4.192
32   128  1077 11853 28695 39342  4.197
