%   2.757299   -0.455541   -1.403658    1.124949    4.733312   -0.436820   -0.381915    0.514497     51.0848     44.6840
%   0.21112 6.4609E-01 7.8999E-01
% DE,DS,Phase,SunLat,ELat,ELHA,Mags
% 2.4335 2.9583  18.4 -49.8 -44.4   26.1 21.37 19.98 12.89 10.67
% 2.8726 3.0344  19.4  12.1  -4.2  -10.5 21.85 21.33 13.97 11.47
% 0.3656 1.1214  64.0  19.5 -36.9   31.9 15.30 12.51  7.55  5.94
% 0.9132 1.4416  42.8  61.3  69.6  121.6 17.26 14.38  9.26  7.64
/wvl [
  0.550  0.578  0.608  0.639  0.671  0.705  0.741  0.779  0.819  0.861  0.905
  0.951  0.999  1.050  1.104  1.160  1.219  1.281  1.347  1.415  1.488  1.563
  1.643  1.727  1.815  1.908  2.005  2.107  2.215  2.328  2.446  2.571  2.702
  2.840  2.985  3.137  3.297  3.465  3.642  3.828  4.023  4.228  4.444  4.671
  4.909  5.159  5.422  5.699  5.990  6.295  6.616  6.954  7.308  7.681  8.073
  8.485  8.917  9.372  9.850 10.353 10.881 11.436 12.019 12.632 13.276 13.954
 14.665 15.413 16.200 17.026 17.894 18.807 19.766 20.774 21.834 22.948 24.118
 25.348 26.641 28.000
] def
1 0 0 SRGB
  3.353  0.141 8.321E-14 QQ
  4.603  0.161 2.574E-13 QQ
/ft [
 8.197E-15
 8.463E-15
 8.653E-15
 8.764E-15
 8.799E-15
 8.762E-15
 8.657E-15
 8.491E-15
 8.271E-15
 8.005E-15
 7.700E-15
 7.364E-15
 7.006E-15
 6.631E-15
 6.247E-15
 5.858E-15
 5.472E-15
 5.090E-15
 4.719E-15
 4.359E-15
 4.013E-15
 3.684E-15
 3.373E-15
 3.079E-15
 2.804E-15
 2.548E-15
 2.309E-15
 2.089E-15
 1.886E-15
 1.700E-15
 1.530E-15
 1.374E-15
 1.233E-15
 1.105E-15
 9.901E-16
 8.884E-16
 8.005E-16
 7.250E-16
 6.650E-16
 6.338E-16
 6.417E-16
 7.038E-16
 8.413E-16
 1.082E-15
 1.461E-15
 2.020E-15
 2.806E-15
 3.870E-15
 5.265E-15
 7.037E-15
 9.227E-15
 1.186E-14
 1.495E-14
 1.849E-14
 2.245E-14
 2.676E-14
 3.137E-14
 3.616E-14
 4.104E-14
 4.589E-14
 5.059E-14
 5.501E-14
 5.906E-14
 6.263E-14
 6.565E-14
 6.806E-14
 6.982E-14
 7.093E-14
 7.137E-14
 7.118E-14
 7.040E-14
 6.908E-14
 6.727E-14
 6.505E-14
 6.248E-14
 5.964E-14
 5.659E-14
 5.340E-14
 5.012E-14
 4.681E-14
] def doit
0 0.7 0 SRGB
  3.353  0.351 1.111E-13 QQ
  4.603  0.161 3.404E-13 QQ
/ft [
 5.439E-15
 5.616E-15
 5.742E-15
 5.816E-15
 5.839E-15
 5.814E-15
 5.745E-15
 5.635E-15
 5.489E-15
 5.312E-15
 5.109E-15
 4.887E-15
 4.649E-15
 4.400E-15
 4.145E-15
 3.888E-15
 3.631E-15
 3.378E-15
 3.131E-15
 2.892E-15
 2.663E-15
 2.445E-15
 2.238E-15
 2.043E-15
 1.861E-15
 1.690E-15
 1.532E-15
 1.386E-15
 1.252E-15
 1.128E-15
 1.015E-15
 9.117E-16
 8.177E-16
 7.324E-16
 6.551E-16
 5.854E-16
 5.229E-16
 4.647E-16
 4.104E-16
 3.649E-16
 3.291E-16
 3.050E-16
 2.962E-16
 3.082E-16
 3.488E-16
 4.287E-16
 5.617E-16
 7.646E-16
 1.057E-15
 1.461E-15
 1.998E-15
 2.691E-15
 3.558E-15
 4.615E-15
 5.870E-15
 7.322E-15
 8.964E-15
 1.077E-14
 1.273E-14
 1.478E-14
 1.690E-14
 1.903E-14
 2.111E-14
 2.310E-14
 2.494E-14
 2.660E-14
 2.803E-14
 2.921E-14
 3.011E-14
 3.072E-14
 3.105E-14
 3.109E-14
 3.087E-14
 3.040E-14
 2.970E-14
 2.882E-14
 2.777E-14
 2.658E-14
 2.529E-14
 2.393E-14
] def doit
0 0 1 SRGB
  3.353  0.092 1.787E-13 QQ
  4.603  0.082 1.051E-12 QQ
/ft [
 7.509E-13
 7.753E-13
 7.927E-13
 8.029E-13
 8.061E-13
 8.027E-13
 7.931E-13
 7.779E-13
 7.577E-13
 7.333E-13
 7.054E-13
 6.746E-13
 6.418E-13
 6.075E-13
 5.723E-13
 5.367E-13
 5.013E-13
 4.663E-13
 4.323E-13
 3.993E-13
 3.677E-13
 3.375E-13
 3.090E-13
 2.821E-13
 2.569E-13
 2.335E-13
 2.118E-13
 1.919E-13
 1.739E-13
 1.579E-13
 1.442E-13
 1.335E-13
 1.265E-13
 1.246E-13
 1.297E-13
 1.443E-13
 1.717E-13
 2.157E-13
 2.808E-13
 3.731E-13
 4.980E-13
 6.611E-13
 8.672E-13
 1.120E-12
 1.423E-12
 1.776E-12
 2.177E-12
 2.623E-12
 3.108E-12
 3.623E-12
 4.159E-12
 4.703E-12
 5.245E-12
 5.770E-12
 6.267E-12
 6.724E-12
 7.132E-12
 7.481E-12
 7.766E-12
 7.982E-12
 8.127E-12
 8.201E-12
 8.205E-12
 8.143E-12
 8.020E-12
 7.842E-12
 7.615E-12
 7.347E-12
 7.045E-12
 6.716E-12
 6.368E-12
 6.006E-12
 5.637E-12
 5.267E-12
 4.899E-12
 4.538E-12
 4.187E-12
 3.849E-12
 3.526E-12
 3.220E-12
] def doit
0 setgray
  3.353  0.400 3.596E-14 QQ
  4.603  0.102 1.863E-13 QQ
/ft [
 1.276E-13
 1.318E-13
 1.347E-13
 1.364E-13
 1.370E-13
 1.364E-13
 1.348E-13
 1.322E-13
 1.288E-13
 1.246E-13
 1.199E-13
 1.146E-13
 1.091E-13
 1.032E-13
 9.724E-14
 9.120E-14
 8.518E-14
 7.925E-14
 7.346E-14
 6.785E-14
 6.248E-14
 5.736E-14
 5.250E-14
 4.793E-14
 4.366E-14
 3.967E-14
 3.598E-14
 3.258E-14
 2.950E-14
 2.674E-14
 2.436E-14
 2.244E-14
 2.112E-14
 2.062E-14
 2.126E-14
 2.350E-14
 2.792E-14
 3.525E-14
 4.639E-14
 6.251E-14
 8.477E-14
 1.144E-13
 1.525E-13
 2.001E-13
 2.580E-13
 3.266E-13
 4.058E-13
 4.951E-13
 5.936E-13
 6.996E-13
 8.111E-13
 9.259E-13
 1.041E-12
 1.155E-12
 1.263E-12
 1.364E-12
 1.454E-12
 1.533E-12
 1.599E-12
 1.649E-12
 1.685E-12
 1.705E-12
 1.710E-12
 1.700E-12
 1.677E-12
 1.642E-12
 1.595E-12
 1.540E-12
 1.477E-12
 1.408E-12
 1.334E-12
 1.257E-12
 1.179E-12
 1.100E-12
 1.022E-12
 9.458E-13
 8.714E-13
 7.999E-13
 7.315E-13
 6.668E-13
] def doit
