%   6.194909   -1.168101   -1.329429    2.985530    7.283702    0.390198   -0.145047    0.353862   -3.995401    0.216672     48.1027     38.9276
% 2(abc)=   3.029x   1.111x   0.958 km
%   0.22494 1.4773E+00 4.0453E+00
% DE,DS,SunLat,ELat,ELHA,Mags,Amps
% 0.5690 1.1719 -27.1   2.5  -54.3 15.20 12.87  7.04  4.88  0.87 1.08 0.86 0.58
% 0.4650 1.1083 -25.8   7.6  -59.2 14.82 12.49  6.74  4.80  0.88 1.19 0.97 0.82
% 0.2532 1.1052 -22.3 -60.9   64.9 12.43  9.65  4.34  2.69  0.32 0.42 0.21 0.16
/wvl [
  0.550  0.578  0.608  0.639  0.671  0.705  0.741  0.779  0.819  0.861  0.905
  0.951  0.999  1.050  1.104  1.160  1.219  1.281  1.347  1.415  1.488  1.563
  1.643  1.727  1.815  1.908  2.005  2.107  2.215  2.328  2.446  2.571  2.702
  2.840  2.985  3.137  3.297  3.465  3.642  3.828  4.023  4.228  4.444  4.671
  4.909  5.159  5.422  5.699  5.990  6.295  6.616  6.954  7.308  7.681  8.073
  8.485  8.917  9.372  9.850 10.353 10.881 11.436 12.019 12.632 13.276 13.954
 14.665 15.413 16.200 17.026 17.894 18.807 19.766 20.774 21.834 22.948 24.118
 25.348 26.641 28.000
] def
1 0 0 SRGB
  3.353  0.073 2.240E-13 QQ
 11.561  0.870 8.169E-09 QQ
/ft [
 2.112E-12
 2.171E-12
 2.210E-12
 2.228E-12
 2.228E-12
 2.209E-12
 2.173E-12
 2.122E-12
 2.057E-12
 1.982E-12
 1.899E-12
 1.808E-12
 1.712E-12
 1.614E-12
 1.514E-12
 1.413E-12
 1.314E-12
 1.217E-12
 1.123E-12
 1.033E-12
 9.472E-13
 8.657E-13
 7.890E-13
 7.172E-13
 6.502E-13
 5.882E-13
 5.309E-13
 4.782E-13
 4.300E-13
 3.861E-13
 3.464E-13
 3.108E-13
 2.795E-13
 2.530E-13
 2.320E-13
 2.178E-13
 2.124E-13
 2.183E-13
 2.391E-13
 2.809E-13
 3.498E-13
 4.528E-13
 5.977E-13
 7.924E-13
 1.045E-12
 1.362E-12
 1.750E-12
 2.211E-12
 2.748E-12
 3.359E-12
 4.038E-12
 4.778E-12
 5.568E-12
 6.395E-12
 7.242E-12
 8.093E-12
 8.930E-12
 9.736E-12
 1.049E-11
 1.119E-11
 1.181E-11
 1.236E-11
 1.283E-11
 1.323E-11
 1.354E-11
 1.378E-11
 1.394E-11
 1.403E-11
 1.405E-11
 1.400E-11
 1.389E-11
 1.372E-11
 1.349E-11
 1.320E-11
 1.285E-11
 1.244E-11
 1.197E-11
 1.145E-11
 1.089E-11
 1.030E-11
] def doit
0 0.7 0 SRGB
  3.353  0.092 2.925E-13 QQ
 11.561  0.920 8.370E-09 QQ
/ft [
 2.990E-12
 3.074E-12
 3.129E-12
 3.155E-12
 3.154E-12
 3.127E-12
 3.076E-12
 3.004E-12
 2.913E-12
 2.807E-12
 2.688E-12
 2.560E-12
 2.424E-12
 2.285E-12
 2.143E-12
 2.001E-12
 1.861E-12
 1.723E-12
 1.591E-12
 1.463E-12
 1.341E-12
 1.226E-12
 1.117E-12
 1.015E-12
 9.206E-13
 8.328E-13
 7.517E-13
 6.771E-13
 6.088E-13
 5.467E-13
 4.905E-13
 4.402E-13
 3.960E-13
 3.586E-13
 3.291E-13
 3.093E-13
 3.022E-13
 3.110E-13
 3.411E-13
 4.010E-13
 4.990E-13
 6.451E-13
 8.502E-13
 1.125E-12
 1.482E-12
 1.929E-12
 2.475E-12
 3.124E-12
 3.879E-12
 4.734E-12
 5.684E-12
 6.714E-12
 7.809E-12
 8.948E-12
 1.011E-11
 1.126E-11
 1.238E-11
 1.345E-11
 1.443E-11
 1.532E-11
 1.608E-11
 1.672E-11
 1.722E-11
 1.758E-11
 1.779E-11
 1.786E-11
 1.780E-11
 1.762E-11
 1.732E-11
 1.692E-11
 1.643E-11
 1.587E-11
 1.524E-11
 1.457E-11
 1.385E-11
 1.310E-11
 1.234E-11
 1.156E-11
 1.079E-11
 1.002E-11
] def doit
0 0 1 SRGB
  3.353  0.063 2.604E-12 QQ
 11.561  0.341 8.617E-09 QQ
/ft [
 1.787E-11
 1.837E-11
 1.870E-11
 1.886E-11
 1.885E-11
 1.869E-11
 1.839E-11
 1.796E-11
 1.741E-11
 1.678E-11
 1.607E-11
 1.530E-11
 1.449E-11
 1.366E-11
 1.281E-11
 1.196E-11
 1.112E-11
 1.030E-11
 9.508E-12
 8.745E-12
 8.017E-12
 7.327E-12
 6.678E-12
 6.070E-12
 5.504E-12
 4.979E-12
 4.494E-12
 4.050E-12
 3.645E-12
 3.278E-12
 2.953E-12
 2.673E-12
 2.446E-12
 2.286E-12
 2.215E-12
 2.266E-12
 2.483E-12
 2.922E-12
 3.659E-12
 4.792E-12
 6.427E-12
 8.675E-12
 1.165E-11
 1.547E-11
 2.021E-11
 2.596E-11
 3.273E-11
 4.052E-11
 4.926E-11
 5.883E-11
 6.908E-11
 7.979E-11
 9.073E-11
 1.016E-10
 1.122E-10
 1.222E-10
 1.314E-10
 1.395E-10
 1.463E-10
 1.518E-10
 1.559E-10
 1.584E-10
 1.595E-10
 1.591E-10
 1.574E-10
 1.545E-10
 1.505E-10
 1.455E-10
 1.397E-10
 1.333E-10
 1.265E-10
 1.193E-10
 1.120E-10
 1.045E-10
 9.713E-11
 8.987E-11
 8.280E-11
 7.599E-11
 6.949E-11
 6.333E-11
] def doit
