%   5.280604    0.208117   -1.355496    1.259466    7.129199   -0.279562   -0.471978    0.310242      7.2638      0.3021
%   0.22000 7.5612E-01 8.1024E+00
% DE,DS,Phase,SunLat,ELat,ELHA,Mags
% 0.4319 1.2342  49.3  12.4  43.3  -44.8 16.24 13.94  7.83  5.96
% 0.3970 1.0781  69.0 -20.7  40.4   34.4 16.18 13.68  7.91  6.08
/wvl [
  0.550  0.578  0.608  0.639  0.671  0.705  0.741  0.779  0.819  0.861  0.905
  0.951  0.999  1.050  1.104  1.160  1.219  1.281  1.347  1.415  1.488  1.563
  1.643  1.727  1.815  1.908  2.005  2.107  2.215  2.328  2.446  2.571  2.702
  2.840  2.985  3.137  3.297  3.465  3.642  3.828  4.023  4.228  4.444  4.671
  4.909  5.159  5.422  5.699  5.990  6.295  6.616  6.954  7.308  7.681  8.073
  8.485  8.917  9.372  9.850 10.353 10.881 11.436 12.019 12.632 13.276 13.954
 14.665 15.413 16.200 17.026 17.894 18.807 19.766 20.774 21.834 22.948 24.118
 25.348 26.641 28.000
] def
1 0 0 SRGB
  3.353  0.141 7.917E-14 QQ
  4.603  0.161 2.632E-13 QQ
/ft [
 9.386E-13
 9.637E-13
 9.798E-13
 9.869E-13
 9.853E-13
 9.757E-13
 9.587E-13
 9.350E-13
 9.057E-13
 8.717E-13
 8.338E-13
 7.930E-13
 7.502E-13
 7.061E-13
 6.615E-13
 6.170E-13
 5.730E-13
 5.302E-13
 4.887E-13
 4.489E-13
 4.110E-13
 3.752E-13
 3.416E-13
 3.101E-13
 2.808E-13
 2.537E-13
 2.287E-13
 2.058E-13
 1.848E-13
 1.656E-13
 1.483E-13
 1.326E-13
 1.187E-13
 1.065E-13
 9.630E-14
 8.841E-14
 8.351E-14
 8.245E-14
 8.671E-14
 9.878E-14
 1.214E-13
 1.581E-13
 2.128E-13
 2.904E-13
 3.955E-13
 5.333E-13
 7.081E-13
 9.235E-13
 1.182E-12
 1.484E-12
 1.828E-12
 2.210E-12
 2.625E-12
 3.065E-12
 3.520E-12
 3.979E-12
 4.431E-12
 4.865E-12
 5.268E-12
 5.632E-12
 5.947E-12
 6.207E-12
 6.407E-12
 6.544E-12
 6.619E-12
 6.633E-12
 6.587E-12
 6.488E-12
 6.340E-12
 6.150E-12
 5.924E-12
 5.669E-12
 5.391E-12
 5.098E-12
 4.794E-12
 4.485E-12
 4.175E-12
 3.870E-12
 3.571E-12
 3.283E-12
] def doit
0 0.7 0 SRGB
  3.353  0.351 1.020E-13 QQ
  4.603  0.161 3.372E-13 QQ
/ft [
 8.519E-13
 8.747E-13
 8.893E-13
 8.958E-13
 8.944E-13
 8.856E-13
 8.702E-13
 8.487E-13
 8.221E-13
 7.912E-13
 7.568E-13
 7.198E-13
 6.810E-13
 6.410E-13
 6.005E-13
 5.600E-13
 5.201E-13
 4.812E-13
 4.436E-13
 4.075E-13
 3.731E-13
 3.406E-13
 3.100E-13
 2.815E-13
 2.549E-13
 2.303E-13
 2.076E-13
 1.868E-13
 1.678E-13
 1.505E-13
 1.349E-13
 1.209E-13
 1.087E-13
 9.852E-14
 9.065E-14
 8.578E-14
 8.488E-14
 8.920E-14
 1.006E-13
 1.220E-13
 1.563E-13
 2.071E-13
 2.785E-13
 3.744E-13
 4.990E-13
 6.558E-13
 8.477E-13
 1.076E-12
 1.342E-12
 1.644E-12
 1.979E-12
 2.342E-12
 2.726E-12
 3.125E-12
 3.529E-12
 3.929E-12
 4.315E-12
 4.678E-12
 5.009E-12
 5.302E-12
 5.549E-12
 5.747E-12
 5.893E-12
 5.985E-12
 6.024E-12
 6.012E-12
 5.951E-12
 5.845E-12
 5.700E-12
 5.521E-12
 5.312E-12
 5.080E-12
 4.830E-12
 4.567E-12
 4.297E-12
 4.022E-12
 3.748E-12
 3.477E-12
 3.213E-12
 2.957E-12
] def doit
