%   5.863523   -1.419052   -1.183101    1.619719    4.920751    1.559886    1.359816    0.232096     33.1824     24.8640
%   0.25438 4.7583E+00 7.4403E-01
% DE,DS,Phase,SunLat,ELat,ELHA,Mags
% 0.8843 1.3454  48.8  -9.9   9.8  -44.9 13.50 10.87  5.43  3.64
% 1.5933 1.9548  30.2  37.9  32.0   36.4 15.35 12.77  6.71  4.85
/wvl [
  0.550  0.578  0.608  0.639  0.671  0.705  0.741  0.779  0.819  0.861  0.905
  0.951  0.999  1.050  1.104  1.160  1.219  1.281  1.347  1.415  1.488  1.563
  1.643  1.727  1.815  1.908  2.005  2.107  2.215  2.328  2.446  2.571  2.702
  2.840  2.985  3.137  3.297  3.465  3.642  3.828  4.023  4.228  4.444  4.671
  4.909  5.159  5.422  5.699  5.990  6.295  6.616  6.954  7.308  7.681  8.073
  8.485  8.917  9.372  9.850 10.353 10.881 11.436 12.019 12.632 13.276 13.954
 14.665 15.413 16.200 17.026 17.894 18.807 19.766 20.774 21.834 22.948 24.118
 25.348 26.641 28.000
] def
1 0 0 SRGB
  3.353  0.036 9.710E-13 QQ
  4.603  0.036 4.766E-12 QQ
 11.561  0.036 5.259E-11 QQ
/ft [
 8.738E-12
 8.953E-12
 9.083E-12
 9.129E-12
 9.095E-12
 8.987E-12
 8.811E-12
 8.576E-12
 8.290E-12
 7.961E-12
 7.599E-12
 7.212E-12
 6.808E-12
 6.394E-12
 5.977E-12
 5.563E-12
 5.156E-12
 4.760E-12
 4.378E-12
 4.013E-12
 3.667E-12
 3.340E-12
 3.034E-12
 2.749E-12
 2.484E-12
 2.240E-12
 2.015E-12
 1.809E-12
 1.622E-12
 1.454E-12
 1.303E-12
 1.171E-12
 1.061E-12
 9.761E-13
 9.228E-13
 9.112E-13
 9.553E-13
 1.073E-12
 1.288E-12
 1.631E-12
 2.138E-12
 2.845E-12
 3.790E-12
 5.011E-12
 6.540E-12
 8.402E-12
 1.061E-11
 1.316E-11
 1.605E-11
 1.924E-11
 2.269E-11
 2.634E-11
 3.011E-11
 3.394E-11
 3.774E-11
 4.141E-11
 4.488E-11
 4.807E-11
 5.092E-11
 5.336E-11
 5.536E-11
 5.688E-11
 5.791E-11
 5.844E-11
 5.849E-11
 5.807E-11
 5.722E-11
 5.599E-11
 5.441E-11
 5.253E-11
 5.040E-11
 4.809E-11
 4.563E-11
 4.307E-11
 4.045E-11
 3.782E-11
 3.520E-11
 3.263E-11
 3.012E-11
 2.771E-11
] def doit
0 0.7 0 SRGB
  3.353  0.092 2.463E-13 QQ
  4.603  0.036 7.818E-13 QQ
 11.561  0.036 1.763E-11 QQ
 22.088  0.036 1.650E-11 QQ
/ft [
 2.061E-12
 2.112E-12
 2.143E-12
 2.154E-12
 2.146E-12
 2.120E-12
 2.079E-12
 2.023E-12
 1.956E-12
 1.878E-12
 1.793E-12
 1.701E-12
 1.606E-12
 1.508E-12
 1.410E-12
 1.312E-12
 1.216E-12
 1.123E-12
 1.033E-12
 9.467E-13
 8.650E-13
 7.880E-13
 7.158E-13
 6.485E-13
 5.860E-13
 5.283E-13
 4.753E-13
 4.267E-13
 3.823E-13
 3.421E-13
 3.057E-13
 2.732E-13
 2.446E-13
 2.201E-13
 2.007E-13
 1.875E-13
 1.828E-13
 1.896E-13
 2.124E-13
 2.583E-13
 3.353E-13
 4.536E-13
 6.248E-13
 8.617E-13
 1.178E-12
 1.586E-12
 2.099E-12
 2.724E-12
 3.467E-12
 4.328E-12
 5.302E-12
 6.377E-12
 7.537E-12
 8.759E-12
 1.002E-11
 1.128E-11
 1.252E-11
 1.370E-11
 1.480E-11
 1.579E-11
 1.664E-11
 1.734E-11
 1.787E-11
 1.824E-11
 1.843E-11
 1.846E-11
 1.832E-11
 1.804E-11
 1.763E-11
 1.710E-11
 1.647E-11
 1.577E-11
 1.500E-11
 1.419E-11
 1.335E-11
 1.249E-11
 1.164E-11
 1.079E-11
 9.965E-12
 9.165E-12
] def doit
