%   4.749210    0.017565   -1.081778    2.995732    6.089046    1.476238   -0.556390    0.166171   -0.212950    2.090419     27.9315     21.1495
% 2(abc)=   5.054x   4.132x   4.014 km
%   0.27650 4.3764E+00 1.2191E+00
% DE,DS,SunLat,ELat,ELHA,Mags,Amps
% 0.8843 1.3454   4.3  49.4   21.9 13.48 10.89  5.48  3.73  0.18 0.28 0.20 0.16
% 1.5933 1.9548  54.8  42.8  -43.0 15.30 12.78  6.73  4.61  0.07 0.05 0.11 0.19
/wvl [
  0.550  0.578  0.608  0.639  0.671  0.705  0.741  0.779  0.819  0.861  0.905
  0.951  0.999  1.050  1.104  1.160  1.219  1.281  1.347  1.415  1.488  1.563
  1.643  1.727  1.815  1.908  2.005  2.107  2.215  2.328  2.446  2.571  2.702
  2.840  2.985  3.137  3.297  3.465  3.642  3.828  4.023  4.228  4.444  4.671
  4.909  5.159  5.422  5.699  5.990  6.295  6.616  6.954  7.308  7.681  8.073
  8.485  8.917  9.372  9.850 10.353 10.881 11.436 12.019 12.632 13.276 13.954
 14.665 15.413 16.200 17.026 17.894 18.807 19.766 20.774 21.834 22.948 24.118
 25.348 26.641 28.000
] def
1 0 0 SRGB
  3.353  0.036 9.748E-13 QQ
  4.603  0.036 4.767E-12 QQ
 11.561  0.036 5.282E-11 QQ
/ft [
 9.955E-12
 1.018E-11
 1.031E-11
 1.034E-11
 1.029E-11
 1.015E-11
 9.931E-12
 9.648E-12
 9.309E-12
 8.924E-12
 8.503E-12
 8.055E-12
 7.590E-12
 7.116E-12
 6.641E-12
 6.169E-12
 5.707E-12
 5.259E-12
 4.829E-12
 4.418E-12
 4.030E-12
 3.664E-12
 3.323E-12
 3.005E-12
 2.710E-12
 2.439E-12
 2.191E-12
 1.964E-12
 1.757E-12
 1.571E-12
 1.405E-12
 1.260E-12
 1.137E-12
 1.041E-12
 9.766E-13
 9.547E-13
 9.886E-13
 1.096E-12
 1.300E-12
 1.631E-12
 2.123E-12
 2.812E-12
 3.736E-12
 4.931E-12
 6.429E-12
 8.254E-12
 1.042E-11
 1.292E-11
 1.574E-11
 1.886E-11
 2.223E-11
 2.578E-11
 2.944E-11
 3.314E-11
 3.679E-11
 4.030E-11
 4.359E-11
 4.659E-11
 4.922E-11
 5.145E-11
 5.323E-11
 5.453E-11
 5.534E-11
 5.568E-11
 5.554E-11
 5.497E-11
 5.399E-11
 5.265E-11
 5.099E-11
 4.907E-11
 4.694E-11
 4.465E-11
 4.223E-11
 3.975E-11
 3.723E-11
 3.471E-11
 3.222E-11
 2.979E-11
 2.743E-11
 2.517E-11
] def doit
0 0.7 0 SRGB
  3.353  0.092 2.464E-13 QQ
  4.603  0.036 7.900E-13 QQ
 11.561  0.036 1.702E-11 QQ
 22.088  0.036 1.651E-11 QQ
/ft [
 2.233E-12
 2.284E-12
 2.313E-12
 2.321E-12
 2.308E-12
 2.276E-12
 2.228E-12
 2.165E-12
 2.088E-12
 2.002E-12
 1.908E-12
 1.807E-12
 1.703E-12
 1.597E-12
 1.490E-12
 1.384E-12
 1.280E-12
 1.180E-12
 1.083E-12
 9.912E-13
 9.041E-13
 8.221E-13
 7.454E-13
 6.741E-13
 6.080E-13
 5.472E-13
 4.914E-13
 4.404E-13
 3.939E-13
 3.519E-13
 3.140E-13
 2.804E-13
 2.510E-13
 2.262E-13
 2.069E-13
 1.944E-13
 1.910E-13
 1.996E-13
 2.246E-13
 2.722E-13
 3.496E-13
 4.656E-13
 6.299E-13
 8.531E-13
 1.146E-12
 1.519E-12
 1.980E-12
 2.537E-12
 3.191E-12
 3.942E-12
 4.787E-12
 5.719E-12
 6.726E-12
 7.796E-12
 8.912E-12
 1.005E-11
 1.120E-11
 1.234E-11
 1.344E-11
 1.448E-11
 1.545E-11
 1.633E-11
 1.710E-11
 1.775E-11
 1.828E-11
 1.867E-11
 1.892E-11
 1.903E-11
 1.902E-11
 1.887E-11
 1.860E-11
 1.823E-11
 1.776E-11
 1.720E-11
 1.657E-11
 1.589E-11
 1.516E-11
 1.439E-11
 1.360E-11
 1.279E-11
] def doit
