%   0.116480   -0.932147   -1.593784    3.850147    7.674214    0.475109    1.495151    0.475886     15.0488      7.3358
%   0.17892 1.6082E+00 3.8277E+00
% DE,DS,Phase,SunLat,ELat,ELHA,Mags
% 0.2724 1.0548  69.9 -13.7  29.1   57.4 13.19 10.30  4.97  3.27
% 0.8292 1.3158  50.3  -5.0 -12.3  -50.4 16.24 13.96  7.74  5.82
% 0.6809 1.3195  48.1 -15.8  18.4   34.3 15.58 13.02  7.21  5.40
% 0.4320 1.0890  67.7   4.0 -25.9  -62.9 14.77 12.22  6.25  4.39
% 0.7864 1.4206  43.7 -12.2  26.4   21.1 16.09 13.81  7.75  5.86
% 0.1581 1.0784  62.1   4.4  58.7   39.2 12.02  9.24  3.80  2.06
% 0.4496 1.2326  51.7  -1.6  47.7   17.8 14.62 12.10  6.34  4.51
/wvl [
  0.550  0.578  0.608  0.639  0.671  0.705  0.741  0.779  0.819  0.861  0.905
  0.951  0.999  1.050  1.104  1.160  1.219  1.281  1.347  1.415  1.488  1.563
  1.643  1.727  1.815  1.908  2.005  2.107  2.215  2.328  2.446  2.571  2.702
  2.840  2.985  3.137  3.297  3.465  3.642  3.828  4.023  4.228  4.444  4.671
  4.909  5.159  5.422  5.699  5.990  6.295  6.616  6.954  7.308  7.681  8.073
  8.485  8.917  9.372  9.850 10.353 10.881 11.436 12.019 12.632 13.276 13.954
 14.665 15.413 16.200 17.026 17.894 18.807 19.766 20.774 21.834 22.948 24.118
 25.348 26.641 28.000
] def
1 0 0 SRGB
  3.353  0.045 1.323E-12 QQ
  4.603  0.054 7.427E-12 QQ
/ft [
 6.756E-12
 6.968E-12
 7.117E-12
 7.201E-12
 7.222E-12
 7.184E-12
 7.091E-12
 6.947E-12
 6.760E-12
 6.535E-12
 6.280E-12
 6.000E-12
 5.702E-12
 5.391E-12
 5.073E-12
 4.753E-12
 4.435E-12
 4.121E-12
 3.816E-12
 3.521E-12
 3.239E-12
 2.970E-12
 2.716E-12
 2.477E-12
 2.254E-12
 2.045E-12
 1.853E-12
 1.675E-12
 1.514E-12
 1.368E-12
 1.239E-12
 1.130E-12
 1.047E-12
 9.969E-13
 9.930E-13
 1.054E-12
 1.204E-12
 1.475E-12
 1.908E-12
 2.558E-12
 3.480E-12
 4.736E-12
 6.388E-12
 8.494E-12
 1.110E-11
 1.425E-11
 1.795E-11
 2.220E-11
 2.697E-11
 3.219E-11
 3.779E-11
 4.364E-11
 4.964E-11
 5.564E-11
 6.149E-11
 6.705E-11
 7.219E-11
 7.680E-11
 8.076E-11
 8.400E-11
 8.647E-11
 8.815E-11
 8.902E-11
 8.911E-11
 8.847E-11
 8.714E-11
 8.519E-11
 8.270E-11
 7.975E-11
 7.642E-11
 7.280E-11
 6.897E-11
 6.500E-11
 6.095E-11
 5.689E-11
 5.286E-11
 4.891E-11
 4.508E-11
 4.140E-11
 3.788E-11
] def doit
0 0.7 0 SRGB
  3.353  0.102 8.179E-14 QQ
  4.603  0.045 2.675E-13 QQ
/ft [
 8.034E-13
 8.287E-13
 8.463E-13
 8.563E-13
 8.589E-13
 8.543E-13
 8.432E-13
 8.262E-13
 8.039E-13
 7.772E-13
 7.468E-13
 7.135E-13
 6.780E-13
 6.411E-13
 6.033E-13
 5.652E-13
 5.273E-13
 4.901E-13
 4.538E-13
 4.188E-13
 3.852E-13
 3.532E-13
 3.230E-13
 2.946E-13
 2.680E-13
 2.432E-13
 2.202E-13
 1.990E-13
 1.795E-13
 1.617E-13
 1.454E-13
 1.306E-13
 1.174E-13
 1.058E-13
 9.607E-14
 8.850E-14
 8.378E-14
 8.261E-14
 8.642E-14
 9.788E-14
 1.197E-13
 1.554E-13
 2.090E-13
 2.853E-13
 3.895E-13
 5.268E-13
 7.023E-13
 9.203E-13
 1.184E-12
 1.494E-12
 1.851E-12
 2.250E-12
 2.689E-12
 3.157E-12
 3.647E-12
 4.147E-12
 4.645E-12
 5.128E-12
 5.585E-12
 6.003E-12
 6.372E-12
 6.685E-12
 6.935E-12
 7.118E-12
 7.233E-12
 7.280E-12
 7.261E-12
 7.181E-12
 7.045E-12
 6.859E-12
 6.631E-12
 6.367E-12
 6.075E-12
 5.761E-12
 5.433E-12
 5.097E-12
 4.758E-12
 4.421E-12
 4.089E-12
 3.767E-12
] def doit
0 0 1 SRGB
  3.353  0.161 1.306E-13 QQ
  4.603  0.054 6.111E-13 QQ
/ft [
 1.254E-12
 1.293E-12
 1.321E-12
 1.337E-12
 1.341E-12
 1.333E-12
 1.316E-12
 1.290E-12
 1.255E-12
 1.213E-12
 1.166E-12
 1.114E-12
 1.058E-12
 1.001E-12
 9.417E-13
 8.822E-13
 8.231E-13
 7.650E-13
 7.083E-13
 6.536E-13
 6.012E-13
 5.513E-13
 5.042E-13
 4.598E-13
 4.183E-13
 3.796E-13
 3.438E-13
 3.107E-13
 2.803E-13
 2.525E-13
 2.273E-13
 2.047E-13
 1.849E-13
 1.682E-13
 1.554E-13
 1.478E-13
 1.470E-13
 1.554E-13
 1.764E-13
 2.158E-13
 2.795E-13
 3.743E-13
 5.080E-13
 6.890E-13
 9.253E-13
 1.224E-12
 1.592E-12
 2.032E-12
 2.545E-12
 3.129E-12
 3.778E-12
 4.482E-12
 5.229E-12
 6.003E-12
 6.787E-12
 7.561E-12
 8.306E-12
 9.004E-12
 9.638E-12
 1.019E-11
 1.066E-11
 1.103E-11
 1.129E-11
 1.145E-11
 1.150E-11
 1.145E-11
 1.132E-11
 1.109E-11
 1.079E-11
 1.043E-11
 1.001E-11
 9.557E-12
 9.067E-12
 8.555E-12
 8.031E-12
 7.503E-12
 6.977E-12
 6.461E-12
 5.958E-12
 5.474E-12
] def doit
0 setgray
  3.353  0.092 2.972E-13 QQ
  4.603  0.132 1.149E-12 QQ
/ft [
 2.687E-12
 2.772E-12
 2.831E-12
 2.864E-12
 2.873E-12
 2.858E-12
 2.820E-12
 2.763E-12
 2.689E-12
 2.600E-12
 2.498E-12
 2.387E-12
 2.268E-12
 2.144E-12
 2.018E-12
 1.891E-12
 1.764E-12
 1.639E-12
 1.518E-12
 1.401E-12
 1.288E-12
 1.182E-12
 1.080E-12
 9.853E-13
 8.964E-13
 8.135E-13
 7.367E-13
 6.659E-13
 6.007E-13
 5.412E-13
 4.871E-13
 4.386E-13
 3.960E-13
 3.601E-13
 3.323E-13
 3.150E-13
 3.120E-13
 3.277E-13
 3.696E-13
 4.494E-13
 5.798E-13
 7.758E-13
 1.055E-12
 1.436E-12
 1.939E-12
 2.582E-12
 3.383E-12
 4.353E-12
 5.498E-12
 6.819E-12
 8.307E-12
 9.944E-12
 1.170E-11
 1.355E-11
 1.545E-11
 1.736E-11
 1.922E-11
 2.100E-11
 2.265E-11
 2.412E-11
 2.539E-11
 2.643E-11
 2.723E-11
 2.776E-11
 2.804E-11
 2.807E-11
 2.786E-11
 2.743E-11
 2.679E-11
 2.599E-11
 2.504E-11
 2.397E-11
 2.281E-11
 2.158E-11
 2.031E-11
 1.902E-11
 1.772E-11
 1.644E-11
 1.519E-11
 1.397E-11
] def doit
1 0 0 SRGB
  3.353  0.112 8.705E-14 QQ
  4.603  0.082 3.008E-13 QQ
/ft [
 9.078E-13
 9.363E-13
 9.562E-13
 9.675E-13
 9.704E-13
 9.653E-13
 9.527E-13
 9.334E-13
 9.083E-13
 8.781E-13
 8.438E-13
 8.061E-13
 7.661E-13
 7.243E-13
 6.816E-13
 6.386E-13
 5.958E-13
 5.537E-13
 5.127E-13
 4.731E-13
 4.352E-13
 3.991E-13
 3.649E-13
 3.328E-13
 3.028E-13
 2.748E-13
 2.488E-13
 2.249E-13
 2.029E-13
 1.827E-13
 1.643E-13
 1.477E-13
 1.328E-13
 1.198E-13
 1.089E-13
 1.007E-13
 9.573E-14
 9.500E-14
 1.001E-13
 1.140E-13
 1.398E-13
 1.811E-13
 2.422E-13
 3.282E-13
 4.439E-13
 5.944E-13
 7.840E-13
 1.016E-12
 1.293E-12
 1.615E-12
 1.981E-12
 2.385E-12
 2.823E-12
 3.286E-12
 3.764E-12
 4.247E-12
 4.722E-12
 5.178E-12
 5.604E-12
 5.989E-12
 6.326E-12
 6.606E-12
 6.825E-12
 6.980E-12
 7.070E-12
 7.097E-12
 7.063E-12
 6.973E-12
 6.831E-12
 6.643E-12
 6.417E-12
 6.159E-12
 5.876E-12
 5.573E-12
 5.258E-12
 4.936E-12
 4.611E-12
 4.288E-12
 3.971E-12
 3.662E-12
] def doit
0 0.7 0 SRGB
  3.353  0.073 3.707E-12 QQ
  4.603  0.054 2.002E-11 QQ
/ft [
 2.401E-11
 2.476E-11
 2.529E-11
 2.559E-11
 2.566E-11
 2.553E-11
 2.520E-11
 2.469E-11
 2.402E-11
 2.322E-11
 2.232E-11
 2.132E-11
 2.026E-11
 1.916E-11
 1.803E-11
 1.689E-11
 1.576E-11
 1.465E-11
 1.356E-11
 1.251E-11
 1.151E-11
 1.056E-11
 9.652E-12
 8.802E-12
 8.008E-12
 7.268E-12
 6.583E-12
 5.952E-12
 5.373E-12
 4.849E-12
 4.381E-12
 3.975E-12
 3.644E-12
 3.406E-12
 3.294E-12
 3.355E-12
 3.655E-12
 4.272E-12
 5.316E-12
 6.941E-12
 9.303E-12
 1.258E-11
 1.694E-11
 2.256E-11
 2.960E-11
 3.817E-11
 4.835E-11
 6.013E-11
 7.346E-11
 8.820E-11
 1.041E-10
 1.210E-10
 1.384E-10
 1.560E-10
 1.734E-10
 1.901E-10
 2.058E-10
 2.201E-10
 2.327E-10
 2.433E-10
 2.517E-10
 2.578E-10
 2.616E-10
 2.630E-10
 2.622E-10
 2.593E-10
 2.545E-10
 2.479E-10
 2.399E-10
 2.306E-10
 2.203E-10
 2.093E-10
 1.977E-10
 1.858E-10
 1.738E-10
 1.618E-10
 1.500E-10
 1.384E-10
 1.273E-10
 1.166E-10
] def doit
0 0 1 SRGB
  3.353  0.045 3.670E-13 QQ
  4.603  0.063 1.541E-12 QQ
/ft [
 3.005E-12
 3.100E-12
 3.166E-12
 3.203E-12
 3.213E-12
 3.196E-12
 3.154E-12
 3.090E-12
 3.007E-12
 2.907E-12
 2.794E-12
 2.669E-12
 2.536E-12
 2.398E-12
 2.257E-12
 2.114E-12
 1.973E-12
 1.833E-12
 1.698E-12
 1.566E-12
 1.441E-12
 1.321E-12
 1.208E-12
 1.102E-12
 1.002E-12
 9.098E-13
 8.239E-13
 7.447E-13
 6.718E-13
 6.053E-13
 5.450E-13
 4.909E-13
 4.437E-13
 4.041E-13
 3.740E-13
 3.561E-13
 3.549E-13
 3.753E-13
 4.254E-13
 5.181E-13
 6.664E-13
 8.857E-13
 1.193E-12
 1.606E-12
 2.141E-12
 2.815E-12
 3.638E-12
 4.619E-12
 5.758E-12
 7.050E-12
 8.481E-12
 1.003E-11
 1.167E-11
 1.337E-11
 1.508E-11
 1.678E-11
 1.841E-11
 1.995E-11
 2.135E-11
 2.258E-11
 2.361E-11
 2.444E-11
 2.504E-11
 2.541E-11
 2.556E-11
 2.549E-11
 2.521E-11
 2.475E-11
 2.412E-11
 2.334E-11
 2.245E-11
 2.146E-11
 2.039E-11
 1.927E-11
 1.812E-11
 1.695E-11
 1.579E-11
 1.465E-11
 1.353E-11
 1.245E-11
] def doit
