%   3.789233    1.155489   -1.159208    2.484907    6.420387   -0.340811    0.274049    0.490862   -1.612613   -0.369648     13.3953      9.3543
% 2(abc)=   1.033x   0.660x   0.528 km
%   0.25947 7.1119E-01 2.1918E+00
% DE,DS,SunLat,ELat,ELHA,Mags,Amps
% 0.4307 1.0968  -6.8  10.7   64.3 15.63 12.99  7.72  6.05  0.63 0.84 0.62 0.55
% 1.2799 1.6965 -32.1 -37.8  -44.2 18.52 16.58 10.43  8.52  0.18 0.22 0.19 0.18
/wvl [
  0.550  0.578  0.608  0.639  0.671  0.705  0.741  0.779  0.819  0.861  0.905
  0.951  0.999  1.050  1.104  1.160  1.219  1.281  1.347  1.415  1.488  1.563
  1.643  1.727  1.815  1.908  2.005  2.107  2.215  2.328  2.446  2.571  2.702
  2.840  2.985  3.137  3.297  3.465  3.642  3.828  4.023  4.228  4.444  4.671
  4.909  5.159  5.422  5.699  5.990  6.295  6.616  6.954  7.308  7.681  8.073
  8.485  8.917  9.372  9.850 10.353 10.881 11.436 12.019 12.632 13.276 13.954
 14.665 15.413 16.200 17.026 17.894 18.807 19.766 20.774 21.834 22.948 24.118
 25.348 26.641 28.000
] def
1 0 0 SRGB
  3.353  0.073 1.377E-13 QQ
  4.603  0.045 6.615E-13 QQ
/ft [
 8.835E-13
 9.117E-13
 9.314E-13
 9.428E-13
 9.460E-13
 9.414E-13
 9.295E-13
 9.111E-13
 8.869E-13
 8.578E-13
 8.246E-13
 7.882E-13
 7.493E-13
 7.088E-13
 6.672E-13
 6.254E-13
 5.837E-13
 5.427E-13
 5.027E-13
 4.641E-13
 4.271E-13
 3.918E-13
 3.584E-13
 3.270E-13
 2.976E-13
 2.702E-13
 2.449E-13
 2.215E-13
 2.001E-13
 1.807E-13
 1.633E-13
 1.483E-13
 1.361E-13
 1.272E-13
 1.227E-13
 1.242E-13
 1.336E-13
 1.534E-13
 1.867E-13
 2.382E-13
 3.122E-13
 4.136E-13
 5.470E-13
 7.169E-13
 9.269E-13
 1.180E-12
 1.476E-12
 1.815E-12
 2.195E-12
 2.609E-12
 3.052E-12
 3.514E-12
 3.985E-12
 4.456E-12
 4.913E-12
 5.347E-12
 5.746E-12
 6.102E-12
 6.407E-12
 6.654E-12
 6.840E-12
 6.963E-12
 7.023E-12
 7.021E-12
 6.960E-12
 6.847E-12
 6.685E-12
 6.480E-12
 6.241E-12
 5.972E-12
 5.682E-12
 5.375E-12
 5.058E-12
 4.736E-12
 4.414E-12
 4.095E-12
 3.784E-12
 3.482E-12
 3.193E-12
 2.917E-12
] def doit
0 0.7 0 SRGB
  3.353  0.590 2.494E-14 QQ
  4.603  0.410 2.302E-14 QQ
 11.561  0.082 5.493E-13 QQ
 22.088  0.331 4.848E-13 QQ
/ft [
 1.043E-13
 1.076E-13
 1.100E-13
 1.113E-13
 1.117E-13
 1.112E-13
 1.098E-13
 1.076E-13
 1.047E-13
 1.013E-13
 9.736E-14
 9.306E-14
 8.847E-14
 8.368E-14
 7.878E-14
 7.384E-14
 6.892E-14
 6.408E-14
 5.936E-14
 5.480E-14
 5.042E-14
 4.626E-14
 4.232E-14
 3.861E-14
 3.514E-14
 3.190E-14
 2.890E-14
 2.613E-14
 2.358E-14
 2.124E-14
 1.910E-14
 1.716E-14
 1.542E-14
 1.386E-14
 1.252E-14
 1.140E-14
 1.058E-14
 1.008E-14
 1.002E-14
 1.065E-14
 1.220E-14
 1.496E-14
 1.927E-14
 2.553E-14
 3.417E-14
 4.563E-14
 6.031E-14
 7.856E-14
 1.006E-13
 1.266E-13
 1.564E-13
 1.898E-13
 2.263E-13
 2.654E-13
 3.061E-13
 3.476E-13
 3.889E-13
 4.289E-13
 4.667E-13
 5.012E-13
 5.317E-13
 5.575E-13
 5.781E-13
 5.931E-13
 6.025E-13
 6.063E-13
 6.046E-13
 5.979E-13
 5.866E-13
 5.711E-13
 5.521E-13
 5.301E-13
 5.058E-13
 4.798E-13
 4.525E-13
 4.246E-13
 3.964E-13
 3.684E-13
 3.408E-13
 3.140E-13
] def doit
