%   1.730608   -0.246764   -1.251713    1.680828    8.524643    0.628786    0.099593    0.543051   -1.141699   -2.350224     49.5389     45.0990
% 2(abc)=   2.912x   2.042x   1.109 km
%   0.24021 1.8753E+00 2.6805E+01
% DE,DS,SunLat,ELat,ELHA,Mags,Amps
% 0.1911 1.0192 -36.1 -19.8  -86.2 11.43  8.54  3.52  1.96  0.11 0.08 0.13 0.16
% 1.2375 1.6014  41.9  40.8  -52.6 15.98 13.53  7.73  5.96  0.06 0.02 0.03 0.05
% 2.3716 2.5949  40.7  30.2  -25.1 18.46 17.01  9.97  7.81  0.16 0.29 0.31 0.31
/wvl [
  0.550  0.578  0.608  0.639  0.671  0.705  0.741  0.779  0.819  0.861  0.905
  0.951  0.999  1.050  1.104  1.160  1.219  1.281  1.347  1.415  1.488  1.563
  1.643  1.727  1.815  1.908  2.005  2.107  2.215  2.328  2.446  2.571  2.702
  2.840  2.985  3.137  3.297  3.465  3.642  3.828  4.023  4.228  4.444  4.671
  4.909  5.159  5.422  5.699  5.990  6.295  6.616  6.954  7.308  7.681  8.073
  8.485  8.917  9.372  9.850 10.353 10.881 11.436 12.019 12.632 13.276 13.954
 14.665 15.413 16.200 17.026 17.894 18.807 19.766 20.774 21.834 22.948 24.118
 25.348 26.641 28.000
] def
1 0 0 SRGB
  3.353  0.036 6.342E-12 QQ
  4.603  0.045 4.082E-11 QQ
/ft [
 2.573E-11
 2.659E-11
 2.721E-11
 2.758E-11
 2.771E-11
 2.761E-11
 2.731E-11
 2.680E-11
 2.613E-11
 2.531E-11
 2.436E-11
 2.332E-11
 2.220E-11
 2.103E-11
 1.982E-11
 1.861E-11
 1.739E-11
 1.619E-11
 1.502E-11
 1.389E-11
 1.280E-11
 1.176E-11
 1.077E-11
 9.841E-12
 8.970E-12
 8.157E-12
 7.403E-12
 6.710E-12
 6.078E-12
 5.514E-12
 5.027E-12
 4.635E-12
 4.370E-12
 4.279E-12
 4.435E-12
 4.935E-12
 5.913E-12
 7.523E-12
 9.963E-12
 1.349E-11
 1.834E-11
 2.478E-11
 3.303E-11
 4.330E-11
 5.573E-11
 7.037E-11
 8.718E-11
 1.060E-10
 1.266E-10
 1.486E-10
 1.716E-10
 1.949E-10
 2.182E-10
 2.407E-10
 2.618E-10
 2.812E-10
 2.983E-10
 3.127E-10
 3.242E-10
 3.326E-10
 3.378E-10
 3.399E-10
 3.389E-10
 3.351E-10
 3.288E-10
 3.201E-10
 3.095E-10
 2.972E-10
 2.837E-10
 2.692E-10
 2.540E-10
 2.384E-10
 2.227E-10
 2.070E-10
 1.917E-10
 1.767E-10
 1.623E-10
 1.485E-10
 1.354E-10
 1.231E-10
] def doit
0 0.7 0 SRGB
  3.353  0.132 1.110E-13 QQ
  4.603  0.054 3.886E-13 QQ
/ft [
 8.715E-13
 9.006E-13
 9.214E-13
 9.340E-13
 9.385E-13
 9.353E-13
 9.248E-13
 9.078E-13
 8.849E-13
 8.571E-13
 8.251E-13
 7.897E-13
 7.519E-13
 7.122E-13
 6.715E-13
 6.302E-13
 5.891E-13
 5.485E-13
 5.088E-13
 4.704E-13
 4.334E-13
 3.982E-13
 3.648E-13
 3.333E-13
 3.038E-13
 2.762E-13
 2.506E-13
 2.269E-13
 2.051E-13
 1.850E-13
 1.668E-13
 1.503E-13
 1.357E-13
 1.232E-13
 1.132E-13
 1.064E-13
 1.039E-13
 1.070E-13
 1.178E-13
 1.402E-13
 1.777E-13
 2.349E-13
 3.167E-13
 4.285E-13
 5.755E-13
 7.625E-13
 9.933E-13
 1.270E-12
 1.594E-12
 1.963E-12
 2.373E-12
 2.817E-12
 3.288E-12
 3.774E-12
 4.265E-12
 4.747E-12
 5.209E-12
 5.639E-12
 6.025E-12
 6.360E-12
 6.635E-12
 6.847E-12
 6.992E-12
 7.070E-12
 7.083E-12
 7.033E-12
 6.926E-12
 6.767E-12
 6.563E-12
 6.322E-12
 6.049E-12
 5.752E-12
 5.439E-12
 5.114E-12
 4.785E-12
 4.455E-12
 4.129E-12
 3.811E-12
 3.503E-12
 3.208E-12
] def doit
0 0 1 SRGB
  3.353 -0.990 4.486E-15 QQ
  4.603  0.470 1.604E-14 QQ
 11.561  0.054 8.086E-13 QQ
 22.088  0.211 8.671E-13 QQ
/ft [
 1.155E-13
 1.194E-13
 1.221E-13
 1.238E-13
 1.244E-13
 1.240E-13
 1.226E-13
 1.203E-13
 1.173E-13
 1.136E-13
 1.093E-13
 1.047E-13
 9.964E-14
 9.439E-14
 8.899E-14
 8.352E-14
 7.807E-14
 7.269E-14
 6.743E-14
 6.234E-14
 5.744E-14
 5.277E-14
 4.835E-14
 4.417E-14
 4.026E-14
 3.660E-14
 3.321E-14
 3.007E-14
 2.717E-14
 2.450E-14
 2.206E-14
 1.984E-14
 1.781E-14
 1.597E-14
 1.433E-14
 1.287E-14
 1.161E-14
 1.054E-14
 9.696E-15
 9.303E-15
 9.520E-15
 1.059E-14
 1.285E-14
 1.673E-14
 2.278E-14
 3.166E-14
 4.407E-14
 6.079E-14
 8.258E-14
 1.101E-13
 1.440E-13
 1.844E-13
 2.316E-13
 2.852E-13
 3.447E-13
 4.091E-13
 4.773E-13
 5.478E-13
 6.188E-13
 6.885E-13
 7.553E-13
 8.173E-13
 8.730E-13
 9.212E-13
 9.607E-13
 9.910E-13
 1.011E-12
 1.022E-12
 1.024E-12
 1.016E-12
 9.996E-13
 9.761E-13
 9.461E-13
 9.107E-13
 8.711E-13
 8.281E-13
 7.828E-13
 7.361E-13
 6.888E-13
 6.416E-13
] def doit
