%   3.504032   -0.656958   -0.528053    3.850147    3.902169   -0.255974    0.516489    0.311013   -2.314707    0.580483     59.3716     49.3200
% 2(abc)=   1.200x   0.657x   0.588 km
%   0.42332 7.7416E-01 8.9288E-02
% DE,DS,SunLat,ELat,ELHA,Mags,Amps
% 0.2724 1.0548  74.4  28.3  118.6 13.14 10.38  5.43  3.79  0.15 0.16 0.28 0.34
% 0.8292 1.3158 -15.0  34.1  -11.5 16.36 13.96  9.11  7.51  0.72 1.12 1.04 0.93
% 0.6809 1.3195  45.6  14.3   43.6 15.68 13.06  8.30  6.72  0.56 0.64 0.62 0.59
% 0.4320 1.0890 -46.5  13.5  -35.0 14.78 12.28  7.75  6.26  0.84 1.03 1.02 0.99
% 0.7864 1.4206  15.4  -3.5   39.8 16.32 13.80  8.82  7.21  0.80 1.10 1.02 0.92
% 0.1581 1.0784 -47.9 -29.4   79.8 11.95  9.34  4.89  3.40  0.41 0.51 0.47 0.43
% 0.4496 1.2326 -27.3 -26.9   58.6 14.61 12.02  7.31  5.77  0.60 0.81 0.72 0.63
/wvl [
  0.550  0.578  0.608  0.639  0.671  0.705  0.741  0.779  0.819  0.861  0.905
  0.951  0.999  1.050  1.104  1.160  1.219  1.281  1.347  1.415  1.488  1.563
  1.643  1.727  1.815  1.908  2.005  2.107  2.215  2.328  2.446  2.571  2.702
  2.840  2.985  3.137  3.297  3.465  3.642  3.828  4.023  4.228  4.444  4.671
  4.909  5.159  5.422  5.699  5.990  6.295  6.616  6.954  7.308  7.681  8.073
  8.485  8.917  9.372  9.850 10.353 10.881 11.436 12.019 12.632 13.276 13.954
 14.665 15.413 16.200 17.026 17.894 18.807 19.766 20.774 21.834 22.948 24.118
 25.348 26.641 28.000
] def
1 0 0 SRGB
  3.353  0.045 1.333E-12 QQ
  4.603  0.054 7.580E-12 QQ
/ft [
 4.670E-12
 4.795E-12
 4.875E-12
 4.910E-12
 4.903E-12
 4.855E-12
 4.770E-12
 4.653E-12
 4.507E-12
 4.338E-12
 4.149E-12
 3.946E-12
 3.733E-12
 3.514E-12
 3.292E-12
 3.071E-12
 2.852E-12
 2.639E-12
 2.432E-12
 2.234E-12
 2.046E-12
 1.868E-12
 1.700E-12
 1.544E-12
 1.399E-12
 1.265E-12
 1.142E-12
 1.031E-12
 9.338E-13
 8.507E-13
 7.855E-13
 7.429E-13
 7.301E-13
 7.573E-13
 8.380E-13
 9.897E-13
 1.234E-12
 1.596E-12
 2.105E-12
 2.794E-12
 3.696E-12
 4.844E-12
 6.269E-12
 7.994E-12
 1.004E-11
 1.241E-11
 1.510E-11
 1.809E-11
 2.135E-11
 2.483E-11
 2.848E-11
 3.221E-11
 3.595E-11
 3.963E-11
 4.314E-11
 4.641E-11
 4.937E-11
 5.194E-11
 5.408E-11
 5.575E-11
 5.692E-11
 5.759E-11
 5.776E-11
 5.746E-11
 5.671E-11
 5.557E-11
 5.407E-11
 5.226E-11
 5.021E-11
 4.795E-11
 4.555E-11
 4.305E-11
 4.049E-11
 3.791E-11
 3.533E-11
 3.278E-11
 3.028E-11
 2.785E-11
 2.552E-11
 2.329E-11
] def doit
0 0.7 0 SRGB
  3.353  0.102 7.916E-14 QQ
  4.603  0.045 2.825E-13 QQ
/ft [
 5.627E-13
 5.778E-13
 5.875E-13
 5.917E-13
 5.908E-13
 5.851E-13
 5.749E-13
 5.607E-13
 5.431E-13
 5.227E-13
 5.000E-13
 4.756E-13
 4.499E-13
 4.235E-13
 3.967E-13
 3.700E-13
 3.437E-13
 3.180E-13
 2.931E-13
 2.693E-13
 2.466E-13
 2.251E-13
 2.049E-13
 1.860E-13
 1.685E-13
 1.522E-13
 1.373E-13
 1.236E-13
 1.111E-13
 9.990E-14
 8.995E-14
 8.138E-14
 7.435E-14
 6.916E-14
 6.625E-14
 6.623E-14
 6.989E-14
 7.811E-14
 9.201E-14
 1.131E-13
 1.428E-13
 1.823E-13
 2.329E-13
 2.955E-13
 3.705E-13
 4.579E-13
 5.572E-13
 6.672E-13
 7.862E-13
 9.120E-13
 1.042E-12
 1.173E-12
 1.303E-12
 1.428E-12
 1.544E-12
 1.650E-12
 1.744E-12
 1.822E-12
 1.884E-12
 1.929E-12
 1.957E-12
 1.968E-12
 1.962E-12
 1.941E-12
 1.906E-12
 1.859E-12
 1.800E-12
 1.733E-12
 1.658E-12
 1.578E-12
 1.494E-12
 1.407E-12
 1.320E-12
 1.232E-12
 1.146E-12
 1.061E-12
 9.795E-13
 9.008E-13
 8.258E-13
 7.547E-13
] def doit
0 0 1 SRGB
  3.353  0.161 1.271E-13 QQ
  4.603  0.054 6.360E-13 QQ
/ft [
 7.890E-13
 8.101E-13
 8.237E-13
 8.297E-13
 8.284E-13
 8.203E-13
 8.060E-13
 7.862E-13
 7.615E-13
 7.329E-13
 7.011E-13
 6.668E-13
 6.308E-13
 5.938E-13
 5.563E-13
 5.188E-13
 4.819E-13
 4.458E-13
 4.110E-13
 3.775E-13
 3.457E-13
 3.156E-13
 2.873E-13
 2.608E-13
 2.362E-13
 2.135E-13
 1.926E-13
 1.734E-13
 1.561E-13
 1.407E-13
 1.274E-13
 1.164E-13
 1.083E-13
 1.038E-13
 1.041E-13
 1.106E-13
 1.253E-13
 1.503E-13
 1.883E-13
 2.424E-13
 3.158E-13
 4.112E-13
 5.312E-13
 6.776E-13
 8.514E-13
 1.052E-12
 1.279E-12
 1.528E-12
 1.796E-12
 2.077E-12
 2.364E-12
 2.652E-12
 2.931E-12
 3.195E-12
 3.437E-12
 3.651E-12
 3.833E-12
 3.977E-12
 4.083E-12
 4.148E-12
 4.173E-12
 4.161E-12
 4.116E-12
 4.041E-12
 3.941E-12
 3.820E-12
 3.683E-12
 3.533E-12
 3.373E-12
 3.208E-12
 3.039E-12
 2.870E-12
 2.702E-12
 2.536E-12
 2.375E-12
 2.218E-12
 2.067E-12
 1.921E-12
 1.781E-12
 1.648E-12
] def doit
0 setgray
  3.353  0.092 2.918E-13 QQ
  4.603  0.132 1.213E-12 QQ
/ft [
 1.724E-12
 1.770E-12
 1.800E-12
 1.813E-12
 1.810E-12
 1.792E-12
 1.761E-12
 1.718E-12
 1.664E-12
 1.601E-12
 1.532E-12
 1.457E-12
 1.378E-12
 1.297E-12
 1.215E-12
 1.134E-12
 1.053E-12
 9.741E-13
 8.979E-13
 8.248E-13
 7.553E-13
 6.895E-13
 6.277E-13
 5.699E-13
 5.162E-13
 4.665E-13
 4.209E-13
 3.794E-13
 3.419E-13
 3.089E-13
 2.806E-13
 2.578E-13
 2.418E-13
 2.343E-13
 2.377E-13
 2.548E-13
 2.895E-13
 3.456E-13
 4.277E-13
 5.414E-13
 6.911E-13
 8.809E-13
 1.113E-12
 1.390E-12
 1.710E-12
 2.071E-12
 2.468E-12
 2.895E-12
 3.343E-12
 3.804E-12
 4.265E-12
 4.717E-12
 5.149E-12
 5.550E-12
 5.911E-12
 6.224E-12
 6.483E-12
 6.683E-12
 6.824E-12
 6.903E-12
 6.922E-12
 6.885E-12
 6.794E-12
 6.656E-12
 6.476E-12
 6.259E-12
 6.013E-12
 5.743E-12
 5.455E-12
 5.155E-12
 4.848E-12
 4.539E-12
 4.231E-12
 3.928E-12
 3.633E-12
 3.348E-12
 3.074E-12
 2.813E-12
 2.565E-12
 2.333E-12
] def doit
1 0 0 SRGB
  3.353  0.112 8.358E-14 QQ
  4.603  0.082 3.139E-13 QQ
/ft [
 5.585E-13
 5.734E-13
 5.830E-13
 5.872E-13
 5.863E-13
 5.806E-13
 5.705E-13
 5.564E-13
 5.390E-13
 5.187E-13
 4.962E-13
 4.720E-13
 4.465E-13
 4.203E-13
 3.937E-13
 3.672E-13
 3.411E-13
 3.155E-13
 2.909E-13
 2.672E-13
 2.447E-13
 2.234E-13
 2.033E-13
 1.846E-13
 1.672E-13
 1.511E-13
 1.362E-13
 1.226E-13
 1.103E-13
 9.911E-14
 8.923E-14
 8.073E-14
 7.381E-14
 6.880E-14
 6.620E-14
 6.674E-14
 7.135E-14
 8.113E-14
 9.748E-14
 1.223E-13
 1.572E-13
 2.041E-13
 2.646E-13
 3.400E-13
 4.313E-13
 5.387E-13
 6.618E-13
 7.996E-13
 9.501E-13
 1.111E-12
 1.278E-12
 1.449E-12
 1.619E-12
 1.785E-12
 1.941E-12
 2.085E-12
 2.214E-12
 2.324E-12
 2.413E-12
 2.481E-12
 2.526E-12
 2.549E-12
 2.549E-12
 2.529E-12
 2.490E-12
 2.434E-12
 2.362E-12
 2.278E-12
 2.183E-12
 2.080E-12
 1.971E-12
 1.857E-12
 1.742E-12
 1.627E-12
 1.513E-12
 1.401E-12
 1.292E-12
 1.187E-12
 1.087E-12
 9.924E-13
] def doit
0 0.7 0 SRGB
  3.353  0.073 3.727E-12 QQ
  4.603  0.054 2.073E-11 QQ
/ft [
 1.660E-11
 1.704E-11
 1.733E-11
 1.746E-11
 1.743E-11
 1.726E-11
 1.696E-11
 1.654E-11
 1.602E-11
 1.542E-11
 1.475E-11
 1.403E-11
 1.327E-11
 1.249E-11
 1.170E-11
 1.092E-11
 1.014E-11
 9.380E-12
 8.646E-12
 7.943E-12
 7.273E-12
 6.640E-12
 6.045E-12
 5.488E-12
 4.972E-12
 4.495E-12
 4.058E-12
 3.663E-12
 3.312E-12
 3.010E-12
 2.765E-12
 2.592E-12
 2.510E-12
 2.547E-12
 2.741E-12
 3.138E-12
 3.793E-12
 4.766E-12
 6.122E-12
 7.937E-12
 1.027E-11
 1.318E-11
 1.670E-11
 2.083E-11
 2.557E-11
 3.088E-11
 3.667E-11
 4.286E-11
 4.930E-11
 5.587E-11
 6.239E-11
 6.872E-11
 7.469E-11
 8.017E-11
 8.501E-11
 8.911E-11
 9.240E-11
 9.483E-11
 9.636E-11
 9.703E-11
 9.686E-11
 9.593E-11
 9.430E-11
 9.207E-11
 8.932E-11
 8.614E-11
 8.262E-11
 7.884E-11
 7.488E-11
 7.081E-11
 6.669E-11
 6.257E-11
 5.851E-11
 5.452E-11
 5.062E-11
 4.684E-11
 4.318E-11
 3.967E-11
 3.632E-11
 3.313E-11
] def doit
0 0 1 SRGB
  3.353  0.045 3.574E-13 QQ
  4.603  0.063 1.604E-12 QQ
/ft [
 2.023E-12
 2.078E-12
 2.112E-12
 2.128E-12
 2.124E-12
 2.104E-12
 2.067E-12
 2.016E-12
 1.953E-12
 1.880E-12
 1.798E-12
 1.710E-12
 1.618E-12
 1.523E-12
 1.427E-12
 1.330E-12
 1.236E-12
 1.143E-12
 1.054E-12
 9.681E-13
 8.865E-13
 8.093E-13
 7.367E-13
 6.689E-13
 6.058E-13
 5.475E-13
 4.939E-13
 4.450E-13
 4.008E-13
 3.616E-13
 3.279E-13
 3.005E-13
 2.809E-13
 2.711E-13
 2.742E-13
 2.939E-13
 3.354E-13
 4.038E-13
 5.058E-13
 6.492E-13
 8.411E-13
 1.088E-12
 1.395E-12
 1.767E-12
 2.203E-12
 2.702E-12
 3.260E-12
 3.869E-12
 4.519E-12
 5.196E-12
 5.886E-12
 6.574E-12
 7.242E-12
 7.874E-12
 8.458E-12
 8.978E-12
 9.424E-12
 9.788E-12
 1.006E-11
 1.025E-11
 1.035E-11
 1.036E-11
 1.028E-11
 1.013E-11
 9.901E-12
 9.616E-12
 9.278E-12
 8.897E-12
 8.482E-12
 8.042E-12
 7.586E-12
 7.120E-12
 6.653E-12
 6.189E-12
 5.734E-12
 5.291E-12
 4.865E-12
 4.458E-12
 4.071E-12
 3.706E-12
] def doit
