This is pdfTeX, Version 3.141592653-2.6-1.40.24 (TeX Live 2022) (preloaded format=pdflatex 2022.7.27)  27 JUL 2022 16:04
entering extended mode
 restricted \write18 enabled.
 %&-line parsing enabled.
**sample631.tex
(./sample631.tex
LaTeX2e <2021-11-15> patch level 1
L3 programming layer <2022-02-24>
(/usr/local/texlive/2022/texmf-dist/tex/latex/aastex/aastex631.cls
Document Class: aastex631 2020/12/20 Version 6.3.1d/AAS markup document class
Class aastex Info: 
 
 Original \LaTeX2.09 style by Chris Biemesderfer (chris@seagoat.com). 
 Adapted to \LaTeXe by A. Ogawa (ogawa@teleport.com)
 emulateapj.cls included, Copyright 2000-2015 Alexey Vikhlinin 
 Rewrite and update of emulateapj.cls, revised and enhanced with table macros, 
gridlines, draft watermark,
 track changes, new `modern' style and much more, by Amy Hendrickson,
 (amyh@texnology.com, http://www.texnology.com) 
 
  on input line 106.
\bibbaselineskip=\skip47
(/usr/local/texlive/2022/texmf-dist/tex/latex/revtex4-1/revtex4-1.cls
Document Class: revtex4-1 2020/09/30 4.1s (http://publish.aps.org/revtex4/ for 
documentation)
 Copyright (c) 2009 The American Physical Society.
 mailto:revtex@aps.org
 Licensed under the LPPL:
http://www.ctan.org/tex-archive/macros/latex/base/lppl.txt
 Arthur Ogawa <arthur_ogawa at sbcglobal dot net>
 Based on work by David Carlisle <david at dcarlisle.demon.co.uk>.
ltxutil[2020/09/30 4.1s utilities package (portions licensed from W. E. Baxter 
web at superscript.com)]
LaTeX Info: Redefining \@centercr on input line 346.
Class revtex4-1 Info: Repairing hyperref-unfriendly LaTeX definition of \mpfoot
note on input line 471.
Class revtex4-1 Info: Repairing broken LateX \@sect on input line 793.
\intertabularlinepenalty=\count185
\@tbpen=\count186
\@arstrutbox@hline=\box50
Class revtex4-1 Info: Repairing broken LaTeX \@xbitor on input line 1824.
Class revtex4-1 Info: Making \typeout \long on input line 2089.
ltxfront[2020/09/30 4.1s frontmatter package (AO,DPC)]
\c@affil=\count187
\c@collab=\count188
\absbox=\box51
ltxgrid[2020/09/30 4.1s page grid package (portions licensed from W. E. Baxter 
web at superscript.com)]
\c@linecount=\count189
\output@latex=\toks16
\box@size@1=\box52
\box@size@2=\box53
\@protection@box=\box54
\@topmark@saved=\toks17
\footins@saved=\box55
\footins@recovered=\box56
\column@recovered=\box57
\pagesofar=\box58
\footsofar=\box59
\pagegrid@col=\count190
Class revtex4-1 Info: Overriding \@vspace, \@vspacer, \@no@pgbk, \@newline, and
 \\  on input line 5655.
\c@part=\count191
\c@section=\count192
\c@subsection=\count193
\c@subsubsection=\count194
\c@paragraph=\count195
\c@subparagraph=\count196
\abovecaptionskip=\skip48
\belowcaptionskip=\skip49
\c@figure=\count197
\fbox@1=\box60
\c@table=\count198
\fbox@2=\box61
\c@video=\count199
\fbox@4=\box62
\@bibdataout=\write3
\widetext@top=\box63
\widetext@bot=\box64
Class revtex4-1 Info: Selecting society aps on input line 7616.
(/usr/local/texlive/2022/texmf-dist/tex/latex/revtex4-1/aps4-1.rtx
File: aps4-1 2020/09/30 4.1s (http://publish.aps.org/revtex4/ for documentation
)
Class revtex4-1 Info: RevTeX society APS selected on input line 31.
)
Class revtex4-1 Info: Selecting journal pra on input line 7618.
Class revtex4-1 Info: APS journal PRA selected on input line 7619.

(/usr/local/texlive/2022/texmf-dist/tex/latex/revtex4-1/aps10pt4-1.rtx
File: aps10pt4-1 2020/09/30 4.1s (http://publish.aps.org/revtex4/ for documenta
tion)
Class revtex4-1 Info: RevTeX pointsize 10pt selected on input line 30.
)
(/usr/local/texlive/2022/texmf-dist/tex/latex/textcase/textcase.sty
Package: textcase 2019/09/14 v1.00 Text only upper/lower case changing (DPC)
)
(/usr/local/texlive/2022/texmf-dist/tex/latex/url/url.sty
\Urlmuskip=\muskip16
Package: url 2013/09/16  ver 3.4  Verb mode for urls, etc.
)
(/usr/local/texlive/2022/texmf-dist/tex/latex/natbib/natbib.sty
Package: natbib 2010/09/13 8.31b (PWD, AO)
\bibhang=\skip50
\bibsep=\skip51
LaTeX Info: Redefining \cite on input line 694.
\c@NAT@ctr=\count266
)
Class revtex4-1 Info: Repairing natbib's \BibitemShut on input line 7623.

(/usr/local/texlive/2022/texmf-dist/tex/latex/revtex4-1/revsymb4-1.sty
Package: revsymb4-1 2020/09/30 4.1s (http://publish.aps.org/revtex4/ for docume
ntation)
LaTeX Info: Redefining \REV@mathfrak on input line 119.
))
(/usr/local/texlive/2022/texmf-dist/tex/latex/base/latexsym.sty
Package: latexsym 1998/08/17 v2.2e Standard LaTeX package (lasy symbols)
\symlasy=\mathgroup4
LaTeX Font Info:    Overwriting symbol font `lasy' in version `bold'
(Font)                  U/lasy/m/n --> U/lasy/b/n on input line 52.
)
(/usr/local/texlive/2022/texmf-dist/tex/latex/graphics/graphicx.sty
Package: graphicx 2021/09/16 v1.2d Enhanced LaTeX Graphics (DPC,SPQR)

(/usr/local/texlive/2022/texmf-dist/tex/latex/graphics/keyval.sty
Package: keyval 2014/10/28 v1.15 key=value parser (DPC)
\KV@toks@=\toks18
)
(/usr/local/texlive/2022/texmf-dist/tex/latex/graphics/graphics.sty
Package: graphics 2021/03/04 v1.4d Standard LaTeX Graphics (DPC,SPQR)

(/usr/local/texlive/2022/texmf-dist/tex/latex/graphics/trig.sty
Package: trig 2021/08/11 v1.11 sin cos tan (DPC)
)
(/usr/local/texlive/2022/texmf-dist/tex/latex/graphics-cfg/graphics.cfg
File: graphics.cfg 2016/06/04 v1.11 sample graphics configuration
)
Package graphics Info: Driver file: pdftex.def on input line 107.

(/usr/local/texlive/2022/texmf-dist/tex/latex/graphics-def/pdftex.def
File: pdftex.def 2020/10/05 v1.2a Graphics/color driver for pdftex
))
\Gin@req@height=\dimen138
\Gin@req@width=\dimen139
)
(/usr/local/texlive/2022/texmf-dist/tex/latex/amsfonts/amssymb.sty
Package: amssymb 2013/01/14 v3.01 AMS font symbols

(/usr/local/texlive/2022/texmf-dist/tex/latex/amsfonts/amsfonts.sty
Package: amsfonts 2013/01/14 v3.01 Basic AMSFonts support
\@emptytoks=\toks19
\symAMSa=\mathgroup5
\symAMSb=\mathgroup6
LaTeX Font Info:    Redeclaring math symbol \hbar on input line 98.
LaTeX Font Info:    Overwriting math alphabet `\mathfrak' in version `bold'
(Font)                  U/euf/m/n --> U/euf/b/n on input line 106.
LaTeX Info: Redefining \frak on input line 111.
LaTeX Info: Redefining \Bbb on input line 113.
))
(/usr/local/texlive/2022/texmf-dist/tex/generic/epsf/epsf.sty
This is `epsf.tex' v2.7.4 <14 February 2011>
\epsffilein=\read2
\epsfframemargin=\dimen140
\epsfframethickness=\dimen141
\epsfrsize=\dimen142
\epsftmp=\dimen143
\epsftsize=\dimen144
\epsfxsize=\dimen145
\epsfysize=\dimen146
\pspoints=\dimen147
)
\rptnum=\count267
\rptloopnum=\count268
\fncount=\count269
\endfncount=\count270
\c@front@matter@foot@note=\count271
\keys@width=\skip52
\c@lastfootnote=\count272
\tempsectnum=\count273
\ackbox=\box65
\c@remember@figure@num=\count274
\c@remember@table@num=\count275
\bibskip=\skip53
\bibindent=\dimen148
\plot@width=\skip54
\c@table@save=\count276
\@abovenoteskip=\dimen149
\table@note@skip=\skip55
\deluxe@table@width=\skip56
\@d@t@a=\skip57
\c@deluxe@table@num=\count277
\LTcapwidth=\dimen150
\abovedeluxetableskip=\skip58
\belowdeluxetableskip=\skip59
\lastrowheight=\dimen151
\DT@p@ftn=\toks20
\pt@column=\count278
\pt@ncol=\count279
 (/usr/local/texlive/2022/texmf-dist/tex/latex/tools/longtable.sty
Package: longtable 2021-09-01 v4.17 Multi-page Table package (DPC)
\LTleft=\skip60
\LTright=\skip61
\LTpre=\skip62
\LTpost=\skip63
\LTchunksize=\count280
\LTcapwidth=\dimen152
\LT@head=\box66
\LT@firsthead=\box67
\LT@foot=\box68
\LT@lastfoot=\box69
\LT@gbox=\box70
\LT@cols=\count281
\LT@rows=\count282
\c@LT@tables=\count283
\c@LT@chunks=\count284
\LT@p@ftn=\toks21
)
(/usr/local/texlive/2022/texmf-dist/tex/latex/xcolor/xcolor.sty
Package: xcolor 2021/10/31 v2.13 LaTeX color extensions (UK)

(/usr/local/texlive/2022/texmf-dist/tex/latex/graphics-cfg/color.cfg
File: color.cfg 2016/01/02 v1.6 sample color configuration
)
Package xcolor Info: Driver file: pdftex.def on input line 227.
Package xcolor Info: Model `cmy' substituted by `cmy0' on input line 1352.
Package xcolor Info: Model `hsb' substituted by `rgb' on input line 1356.
Package xcolor Info: Model `RGB' extended on input line 1368.
Package xcolor Info: Model `HTML' substituted by `rgb' on input line 1370.
Package xcolor Info: Model `Hsb' substituted by `hsb' on input line 1371.
Package xcolor Info: Model `tHsb' substituted by `hsb' on input line 1372.
Package xcolor Info: Model `HSB' substituted by `hsb' on input line 1373.
Package xcolor Info: Model `Gray' substituted by `gray' on input line 1374.
Package xcolor Info: Model `wave' substituted by `hsb' on input line 1375.
)
(/usr/local/texlive/2022/texmf-dist/tex/latex/hyperref/hyperref.sty
Package: hyperref 2022-02-21 v7.00n Hypertext links for LaTeX

(/usr/local/texlive/2022/texmf-dist/tex/generic/ltxcmds/ltxcmds.sty
Package: ltxcmds 2020-05-10 v1.25 LaTeX kernel commands for general use (HO)
)
(/usr/local/texlive/2022/texmf-dist/tex/generic/iftex/iftex.sty
Package: iftex 2022/02/03 v1.0f TeX engine tests
)
(/usr/local/texlive/2022/texmf-dist/tex/generic/pdftexcmds/pdftexcmds.sty
Package: pdftexcmds 2020-06-27 v0.33 Utility functions of pdfTeX for LuaTeX (HO
)

(/usr/local/texlive/2022/texmf-dist/tex/generic/infwarerr/infwarerr.sty
Package: infwarerr 2019/12/03 v1.5 Providing info/warning/error messages (HO)
)
Package pdftexcmds Info: \pdf@primitive is available.
Package pdftexcmds Info: \pdf@ifprimitive is available.
Package pdftexcmds Info: \pdfdraftmode found.
)
(/usr/local/texlive/2022/texmf-dist/tex/generic/kvsetkeys/kvsetkeys.sty
Package: kvsetkeys 2019/12/15 v1.18 Key value parser (HO)
)
(/usr/local/texlive/2022/texmf-dist/tex/generic/kvdefinekeys/kvdefinekeys.sty
Package: kvdefinekeys 2019-12-19 v1.6 Define keys (HO)
)
(/usr/local/texlive/2022/texmf-dist/tex/generic/pdfescape/pdfescape.sty
Package: pdfescape 2019/12/09 v1.15 Implements pdfTeX's escape features (HO)
)
(/usr/local/texlive/2022/texmf-dist/tex/latex/hycolor/hycolor.sty
Package: hycolor 2020-01-27 v1.10 Color options for hyperref/bookmark (HO)
)
(/usr/local/texlive/2022/texmf-dist/tex/latex/letltxmacro/letltxmacro.sty
Package: letltxmacro 2019/12/03 v1.6 Let assignment for LaTeX macros (HO)
)
(/usr/local/texlive/2022/texmf-dist/tex/latex/auxhook/auxhook.sty
Package: auxhook 2019-12-17 v1.6 Hooks for auxiliary files (HO)
)
(/usr/local/texlive/2022/texmf-dist/tex/latex/kvoptions/kvoptions.sty
Package: kvoptions 2020-10-07 v3.14 Key value format for package options (HO)
)
\@linkdim=\dimen153
\Hy@linkcounter=\count285
\Hy@pagecounter=\count286

(/usr/local/texlive/2022/texmf-dist/tex/latex/hyperref/pd1enc.def
File: pd1enc.def 2022-02-21 v7.00n Hyperref: PDFDocEncoding definition (HO)
Now handling font encoding PD1 ...
... no UTF-8 mapping file for font encoding PD1
)
(/usr/local/texlive/2022/texmf-dist/tex/generic/intcalc/intcalc.sty
Package: intcalc 2019/12/15 v1.3 Expandable calculations with integers (HO)
)
(/usr/local/texlive/2022/texmf-dist/tex/generic/etexcmds/etexcmds.sty
Package: etexcmds 2019/12/15 v1.7 Avoid name clashes with e-TeX commands (HO)
)
\Hy@SavedSpaceFactor=\count287

(/usr/local/texlive/2022/texmf-dist/tex/latex/hyperref/puenc.def
File: puenc.def 2022-02-21 v7.00n Hyperref: PDF Unicode definition (HO)
Now handling font encoding PU ...
... no UTF-8 mapping file for font encoding PU
)
Package hyperref Info: Option `bookmarks' set `true' on input line 4018.
Package hyperref Info: Option `pdfnewwindow' set `true' on input line 4018.
Package hyperref Info: Option `colorlinks' set `true' on input line 4018.
Package hyperref Info: Option `final' set `true' on input line 4018.
Package hyperref Info: Hyper figures OFF on input line 4137.
Package hyperref Info: Link nesting OFF on input line 4142.
Package hyperref Info: Hyper index ON on input line 4145.
Package hyperref Info: Plain pages OFF on input line 4152.
Package hyperref Info: Backreferencing OFF on input line 4157.
Package hyperref Info: Implicit mode ON; LaTeX internals redefined.
Package hyperref Info: Bookmarks ON on input line 4390.
LaTeX Info: Redefining \href on input line 4660.
\c@Hy@tempcnt=\count288
LaTeX Info: Redefining \url on input line 4749.
\XeTeXLinkMargin=\dimen154

(/usr/local/texlive/2022/texmf-dist/tex/generic/bitset/bitset.sty
Package: bitset 2019/12/09 v1.3 Handle bit-vector datatype (HO)

(/usr/local/texlive/2022/texmf-dist/tex/generic/bigintcalc/bigintcalc.sty
Package: bigintcalc 2019/12/15 v1.5 Expandable calculations on big integers (HO
)
))
\Fld@menulength=\count289
\Field@Width=\dimen155
\Fld@charsize=\dimen156
Package hyperref Info: Hyper figures OFF on input line 6027.
Package hyperref Info: Link nesting OFF on input line 6032.
Package hyperref Info: Hyper index ON on input line 6035.
Package hyperref Info: backreferencing OFF on input line 6042.
Package hyperref Info: Link coloring ON on input line 6045.
Package hyperref Info: Link coloring with OCG OFF on input line 6052.
Package hyperref Info: PDF/A mode OFF on input line 6057.
LaTeX Info: Redefining \ref on input line 6097.
LaTeX Info: Redefining \pageref on input line 6101.

(/usr/local/texlive/2022/texmf-dist/tex/latex/base/atbegshi-ltx.sty
Package: atbegshi-ltx 2021/01/10 v1.0c Emulation of the original atbegshi
package with kernel methods
)
\Hy@abspage=\count290
\c@Item=\count291
\c@Hfootnote=\count292
)
Package hyperref Info: Driver (autodetected): hpdftex.

(/usr/local/texlive/2022/texmf-dist/tex/latex/hyperref/hpdftex.def
File: hpdftex.def 2022-02-21 v7.00n Hyperref driver for pdfTeX

(/usr/local/texlive/2022/texmf-dist/tex/latex/base/atveryend-ltx.sty
Package: atveryend-ltx 2020/08/19 v1.0a Emulation of the original atveryend pac
kage
with kernel methods
)
\Fld@listcount=\count293
\c@bookmark@seq@number=\count294

(/usr/local/texlive/2022/texmf-dist/tex/latex/rerunfilecheck/rerunfilecheck.sty
Package: rerunfilecheck 2019/12/05 v1.9 Rerun checks for auxiliary files (HO)

(/usr/local/texlive/2022/texmf-dist/tex/generic/uniquecounter/uniquecounter.sty
Package: uniquecounter 2019/12/15 v1.4 Provide unlimited unique counter (HO)
)
Package uniquecounter Info: New unique counter `rerunfilecheck' on input line 2
86.
)
\Hy@SectionHShift=\skip64
) (/usr/local/texlive/2022/texmf-dist/tex/latex/tools/array.sty
Package: array 2021/10/04 v2.5f Tabular extension package (FMi)
\col@sep=\dimen157
\ar@mcellbox=\box71
\extrarowheight=\dimen158
\NC@list=\toks22
\extratabsurround=\skip65
\backup@length=\skip66
\ar@cellbox=\box72
)
\colcount=\count295
\firstcolcount=\count296
\secondcolcount=\count297
\thirdcolcount=\count298
\columncount=\count299
\howmanyDs=\count300
\firsthowmanyDs=\count301
\secondhowmanyDs=\count302
\PartsOfTable=\count303
\columnoneandtwo=\count304
\colnumsused=\count305
\loopnum=\count306
\totalcolumncount=\count307
\totalcolumns=\count308
\firsttablebox=\box73
\secondtablebox=\box74
\thirdtablebox=\box75
\longtablebox=\box76
\splitbox=\box77
\movetabledown=\dimen159
\maxtablewidth=\dimen160
\savetabskip=\dimen161
\tempcounter=\count309
\colheadcount=\count310
\rotatetablebox=\box78
\colorcount=\count311
\editnum=\count312
\refchangenumber=\count313
\listchangenum=\count314

(/usr/local/texlive/2022/texmf-dist/tex/generic/ulem/ulem.sty
\UL@box=\box79
\UL@hyphenbox=\box80
\UL@skip=\skip67
\UL@hook=\toks23
\UL@height=\dimen162
\UL@pe=\count315
\UL@pixel=\dimen163
\ULC@box=\box81
Package: ulem 2019/11/18
\ULdepth=\dimen164
)
\entriesinthiscollab=\count316
\allentries=\count317
\AuthorCollaborationLimit=\count318
\largestAffilNum=\count319
\totalentries=\count320
\docollabnum=\count321
\tempauthornumber=\count322
\countauthors=\count323
\testnum=\count324
\tempauthorminusone=\count325
\affilnum=\count326
\c@affilcount=\count327
\numauthors=\count328
\collabnum=\count329
\collabnamebox=\box82
\widetext@top=\box83
\widetext@bot=\box84
\currwidth=\dimen165
\interactbox=\box85
\movetableright=\dimen166

(/usr/local/texlive/2022/texmf-dist/tex/latex/lineno/lineno.sty
Package: lineno 2005/11/02 line numbers on paragraphs v4.41
\linenopenalty=\count330
\output=\toks24
\linenoprevgraf=\count331
\linenumbersep=\dimen167
\linenumberwidth=\dimen168
\c@linenumber=\count332
\c@pagewiselinenumber=\count333
\c@LN@truepage=\count334
\c@internallinenumber=\count335
\c@internallinenumbers=\count336
\quotelinenumbersep=\dimen169
\bframerule=\dimen170
\bframesep=\dimen171
\bframebox=\box86
LaTeX Info: Redefining \\ on input line 3056.
))
Class revtex4-1 Info: Unrecognized array package. Please update this document c
lass! (Proceeding with fingers crossed.) on input line 170.
Class revtex4-1 Info: Patching unrecognized longtable package. (Proceeding with
 fingers crossed) on input line 170.
Class revtex4-1 Info: cite was not loaded (OK!) on input line 170.
Class revtex4-1 Info: mcite was not loaded (OK!) on input line 170.
Class revtex4-1 Info: multicol was not loaded (OK!) on input line 170.

(/usr/local/texlive/2022/texmf-dist/tex/latex/l3backend/l3backend-pdftex.def
File: l3backend-pdftex.def 2022-02-07 L3 backend support: PDF output (pdfTeX)
\l__color_backend_stack_int=\count337
\l__pdf_internal_box=\box87
)
No file sample631.aux.
\openout1 = `sample631.aux'.

LaTeX Font Info:    Checking defaults for OML/cmm/m/it on input line 170.
LaTeX Font Info:    ... okay on input line 170.
LaTeX Font Info:    Checking defaults for OMS/cmsy/m/n on input line 170.
LaTeX Font Info:    ... okay on input line 170.
LaTeX Font Info:    Checking defaults for OT1/cmr/m/n on input line 170.
LaTeX Font Info:    ... okay on input line 170.
LaTeX Font Info:    Checking defaults for T1/cmr/m/n on input line 170.
LaTeX Font Info:    ... okay on input line 170.
LaTeX Font Info:    Checking defaults for TS1/cmr/m/n on input line 170.
LaTeX Font Info:    ... okay on input line 170.
LaTeX Font Info:    Checking defaults for OMX/cmex/m/n on input line 170.
LaTeX Font Info:    ... okay on input line 170.
LaTeX Font Info:    Checking defaults for U/cmr/m/n on input line 170.
LaTeX Font Info:    ... okay on input line 170.
LaTeX Font Info:    Checking defaults for PD1/pdf/m/n on input line 170.
LaTeX Font Info:    ... okay on input line 170.
LaTeX Font Info:    Checking defaults for PU/pdf/m/n on input line 170.
LaTeX Font Info:    ... okay on input line 170.
(/usr/local/texlive/2022/texmf-dist/tex/context/base/mkii/supp-pdf.mkii
[Loading MPS to PDF converter (version 2006.09.02).]
\scratchcounter=\count338
\scratchdimen=\dimen172
\scratchbox=\box88
\nofMPsegments=\count339
\nofMParguments=\count340
\everyMPshowfont=\toks25
\MPscratchCnt=\count341
\MPscratchDim=\dimen173
\MPnumerator=\count342
\makeMPintoPDFobject=\count343
\everyMPtoPDFconversion=\toks26
) (/usr/local/texlive/2022/texmf-dist/tex/latex/epstopdf-pkg/epstopdf-base.sty
Package: epstopdf-base 2020-01-24 v2.11 Base part for package epstopdf

(/usr/local/texlive/2022/texmf-dist/tex/latex/grfext/grfext.sty
Package: grfext 2019/12/03 v1.3 Manage graphics extensions (HO)
)
Package epstopdf-base Info: Redefining graphics rule for `.eps' on input line 4
85.
Package grfext Info: Graphics extension search list:
(grfext)             [.pdf,.png,.jpg,.mps,.jpeg,.jbig2,.jb2,.PDF,.PNG,.JPG,.JPE
G,.JBIG2,.JB2,.eps]
(grfext)             \AppendGraphicsExtensions on input line 504.

(/usr/local/texlive/2022/texmf-dist/tex/latex/latexconfig/epstopdf-sys.cfg
File: epstopdf-sys.cfg 2010/07/13 v1.3 Configuration of (r)epstopdf for TeX Liv
e
))
Package hyperref Info: Link coloring ON on input line 170.

(/usr/local/texlive/2022/texmf-dist/tex/latex/hyperref/nameref.sty
Package: nameref 2021-04-02 v2.47 Cross-referencing by name of section

(/usr/local/texlive/2022/texmf-dist/tex/latex/refcount/refcount.sty
Package: refcount 2019/12/15 v3.6 Data extraction from label references (HO)
)
(/usr/local/texlive/2022/texmf-dist/tex/generic/gettitlestring/gettitlestring.s
ty
Package: gettitlestring 2019/12/15 v1.6 Cleanup title references (HO)
)
\c@section@level=\count344
)
LaTeX Info: Redefining \ref on input line 170.
LaTeX Info: Redefining \pageref on input line 170.
LaTeX Info: Redefining \nameref on input line 170.
\@outlinefile=\write4
\openout4 = `sample631.out'.

Class revtex4-1 Info: Overriding lineo.sty, restoring output routine, on input 
line 170.
Class revtex4-1 Info: Reinvoke \linenumbers on input line 170.
Class revtex4-1 Info: Overriding \@LN@LLerror on input line 170.
LaTeX Font Info:    Trying to load font information for U+lasy on input line 28
4.
 (/usr/local/texlive/2022/texmf-dist/tex/latex/base/ulasy.fd
File: ulasy.fd 1998/08/17 v2.2e LaTeX symbol font definitions
)
LaTeX Font Info:    Trying to load font information for U+msa on input line 284
.

(/usr/local/texlive/2022/texmf-dist/tex/latex/amsfonts/umsa.fd
File: umsa.fd 2013/01/14 v3.01 AMS symbols A
)
LaTeX Font Info:    Trying to load font information for U+msb on input line 284
.

(/usr/local/texlive/2022/texmf-dist/tex/latex/amsfonts/umsb.fd
File: umsb.fd 2013/01/14 v3.01 AMS symbols B
)
Overfull \hbox (17.4802pt too wide) in paragraph at lines 285--285
[][]| [] [][][]| 
 []


Overfull \hbox (14.75804pt too wide) in paragraph at lines 313--313
[][]| $[]$ [][][]| 
 []


Overfull \hbox (14.59134pt too wide) in paragraph at lines 315--315
[][]| [] [][][]| 
 []


Package natbib Warning: Citation `lamport94' on page 1 undefined on input line 
317.


Package natbib Warning: Citation `1989BAAS...21..780H' on page 1 undefined on i
nput line 321.


Overfull \vbox (0.60272pt too high) has occurred while \output is active []


[1{/usr/local/texlive/2022/texmf-var/fonts/map/pdftex/updmap/pdftex.map}
pdfTeX warning (ext4): destination with the same identifier (name{Doc-Start-mpf
ootnote.a}) has been already used, duplicate ignored
<argument> ...shipout:D \box_use:N \l_shipout_box 
                                                  \__shipout_drop_firstpage_...
l.341 
      ]

LaTeX Warning: Reference `sec:pubcharge' on page 2 undefined on input line 350.



Overfull \hbox (14.59134pt too wide) in paragraph at lines 350--350
[][]| [] [][][]| 
 []


LaTeX Warning: Reference `subsec:tables' on page 2 undefined on input line 379.



LaTeX Warning: Reference `animation' on page 2 undefined on input line 398.

[2]

LaTeX Warning: Reference `nominal' on page 3 undefined on input line 401.


LaTeX Warning: Reference `sec:floats' on page 3 undefined on input line 415.


LaTeX Warning: Reference `subsec:tables' on page 3 undefined on input line 417.



LaTeX Warning: Reference `subsec:figures' on page 3 undefined on input line 417
.


LaTeX Warning: Reference `sec:displaymath' on page 3 undefined on input line 41
9.


LaTeX Warning: Reference `sec:highlight' on page 3 undefined on input line 420.



LaTeX Warning: Reference `sec:cite' on page 3 undefined on input line 422.


LaTeX Warning: Reference `sec:floats' on page 3 undefined on input line 433.


Underfull \hbox (badness 10000) in paragraph at lines 436--438

 []

LaTeX Font Info:    Trying to load font information for OMS+cmtt on input line 
439.
LaTeX Font Info:    No file OMScmtt.fd. on input line 439.

LaTeX Font Warning: Font shape `OMS/cmtt/m/n' undefined
(Font)              using `OMS/cmsy/m/n' instead
(Font)              for symbol `textbraceleft' on input line 439.


Underfull \hbox (badness 10000) in paragraph at lines 439--440

 []


Underfull \hbox (badness 10000) in paragraph at lines 441--444

 []


Underfull \hbox (badness 10000) in paragraph at lines 445--448

 []


LaTeX Warning: Reference `sec:highlight' on page 3 undefined on input line 455.


[3] [4]

LaTeX Warning: Reference `subsubsec:hide' on page 5 undefined on input line 614
.


LaTeX Warning: Reference `tab:messier' on page 5 undefined on input line 642.


LaTeX Warning: Reference `subsubsec:hide' on page 5 undefined on input line 691
.

[5]

LaTeX Warning: Reference `subsubsec:autonumber' on page 6 undefined on input li
ne 703.


LaTeX Warning: File `cost.pdf' not found on input line 747.


! Package pdftex.def Error: File `cost.pdf' not found: using draft setting.

See the pdftex.def package documentation for explanation.
Type  H <return>  for immediate help.
 ...                                              
                                                  
l.747 \plotone{cost.pdf}
                        
? 

LaTeX Warning: Reference `fig:general' on page 6 undefined on input line 771.


Overfull \hbox (14.59134pt too wide) in paragraph at lines 781--781
[][]| [] [][][]| 
 []

[6] [7
pdfTeX warning (ext4): destination with the same identifier (name{table.0}) has
 been already used, duplicate ignored
<argument> ...shipout:D \box_use:N \l_shipout_box 
                                                  \__shipout_drop_firstpage_...
l.811 
      ]

LaTeX Warning: Reference `fig:pyramid' on page 8 undefined on input line 812.


LaTeX Warning: File `V2491_Cyg.pdf' not found on input line 820.


! Package pdftex.def Error: File `V2491_Cyg.pdf' not found: using draft setting
.

See the pdftex.def package documentation for explanation.
Type  H <return>  for immediate help.
 ...                                              
                                                  
l.820           }
                 
? 

LaTeX Warning: File `HV_Cet.pdf' not found on input line 820.


! Package pdftex.def Error: File `HV_Cet.pdf' not found: using draft setting.

See the pdftex.def package documentation for explanation.
Type  H <return>  for immediate help.
 ...                                              
                                                  
l.820           }
                 
? 

LaTeX Warning: File `LMC_2009.pdf' not found on input line 820.


! Package pdftex.def Error: File `LMC_2009.pdf' not found: using draft setting.


See the pdftex.def package documentation for explanation.
Type  H <return>  for immediate help.
 ...                                              
                                                  
l.820           }
                 
? 

LaTeX Warning: File `RS_Oph.pdf' not found on input line 823.


! Package pdftex.def Error: File `RS_Oph.pdf' not found: using draft setting.

See the pdftex.def package documentation for explanation.
Type  H <return>  for immediate help.
 ...                                              
                                                  
l.823           }
                 
? 

LaTeX Warning: File `U_Sco.pdf' not found on input line 823.


! Package pdftex.def Error: File `U_Sco.pdf' not found: using draft setting.

See the pdftex.def package documentation for explanation.
Type  H <return>  for immediate help.
 ...                                              
                                                  
l.823           }
                 
? 

LaTeX Warning: File `KT_Eri.pdf' not found on input line 824.


! Package pdftex.def Error: File `KT_Eri.pdf' not found: using draft setting.

See the pdftex.def package documentation for explanation.
Type  H <return>  for immediate help.
 ...                                              
                                                  
l.824 ...ine{\fig{KT_Eri.pdf}{0.3\textwidth}{(f)}}
                                                  
? 

Package natbib Warning: Citation `2011ApJS..197...31S' on page 8 undefined on i
nput line 828.


Package natbib Warning: Citation `2011ApJS..197...31S' on page 8 undefined on i
nput line 828.

[8] [9]

LaTeX Warning: File `KT_Eri.pdf' not found on input line 921.


! Package pdftex.def Error: File `KT_Eri.pdf' not found: using draft setting.

See the pdftex.def package documentation for explanation.
Type  H <return>  for immediate help.
 ...                                              
                                                  
l.921 \plotone{KT_Eri.pdf}
                          
? 

LaTeX Warning: Reference `fig:pyramid' on page 10 undefined on input line 929.


LaTeX Warning: Reference `fig:pyramid' on page 10 undefined on input line 929.


LaTeX Warning: Reference `fig:video' on page 10 undefined on input line 944.


LaTeX Warning: File `f4.pdf' not found on input line 952.


! Package pdftex.def Error: File `f4.pdf' not found: using draft setting.

See the pdftex.def package documentation for explanation.
Type  H <return>  for immediate help.
 ...                                              
                                                  
l.952 \plotone{f4.pdf}
                      
? 

Overfull \hbox (32.0pt too wide) detected at line 953
[][][]
 []


Package natbib Warning: Citation `2018ApJ...868L..33L' on page 10 undefined on 
input line 959.


Package natbib Warning: Citation `2018ApJ...868L..33L' on page 10 undefined on 
input line 959.


LaTeX Warning: Reference `sec:interactive' on page 10 undefined on input line 9
62.


Package natbib Warning: Citation `2013A&A...558A..33A' on page 10 undefined on 
input line 973.


Overfull \hbox (14.59134pt too wide) in paragraph at lines 974--974
[][]| [] [][][]| 
 []


Package natbib Warning: Citation `2014ApJ...793..127V' on page 10 undefined on 
input line 990.


LaTeX Warning: Reference `fig:interactive' on page 10 undefined on input line 9
92.


LaTeX Warning: File `f5.pdf' not found on input line 1005.


! Package pdftex.def Error: File `f5.pdf' not found: using draft setting.

See the pdftex.def package documentation for explanation.
Type  H <return>  for immediate help.
 ...                                              
                                                  
l.1005 \plotone{f5.pdf}
                       
? 

Overfull \hbox (32.0pt too wide) detected at line 1006
[][][]
 []


Package natbib Warning: Citation `2018AJ....156...82C' on page 10 undefined on 
input line 1019.


Package natbib Warning: Citation `2018AJ....156...82C' on page 10 undefined on 
input line 1019.

[10]
LaTeX Font Info:    Trying to load font information for OMS+cmr on input line 1
057.
 (/usr/local/texlive/2022/texmf-dist/tex/latex/base/omscmr.fd
File: omscmr.fd 2019/12/16 v2.5j Standard LaTeX font definitions
)
LaTeX Font Info:    Font shape `OMS/cmr/m/n' in size <10> not available
(Font)              Font shape `OMS/cmsy/m/n' tried instead on input line 1057.

 [11]
[12]
Underfull \hbox (badness 3375) in paragraph at lines 1097--1113
\OT1/cmtt/m/n/10 added info>\OMS/cmsy/m/n/10 g\OT1/cmr/m/n/10 , \OT1/cmtt/m/n/1
0 \deleted\OMS/cmsy/m/n/10 f\OT1/cmtt/m/n/10 <this can be deleted text>\OMS/cms
y/m/n/10 g\OT1/cmr/m/n/10 , \OT1/cmtt/m/n/10 \replaced\OMS/cmsy/m/n/10 f\OT1/cm
tt/m/n/10 <old data>\OMS/cmsy/m/n/10 gf\OT1/cmtt/m/n/10 <replaced data>\OMS/cms
y/m/n/10 g\OT1/cmr/m/n/10 , and 
 []

[13]
Underfull \hbox (badness 4634) in paragraph at lines 1160--1165
[]\OT1/cmr/m/n/10 The first step to mak-ing this hap-pen is to have the data or
 soft-ware in a long term repos-i-
 []


Underfull \hbox (badness 4254) in paragraph at lines 1160--1165
\OT1/cmr/m/n/10 tory that has made these items avail-able via a per-sis-tent id
en-ti-fier like a Dig-i-tal Ob-ject Iden-ti-fier
 []


Underfull \hbox (badness 3058) in paragraph at lines 1160--1165
\OT1/cmr/m/n/10 (DOI). A list of repos-i-to-ries that sat-isfy this cri-te-ria 
plus each one's pros and cons are given at 
 []


Underfull \hbox (badness 10000) in paragraph at lines 1166--1167

 []


Underfull \hbox (badness 10000) in paragraph at lines 1168--1169

 []


Package natbib Warning: Citation `2015ApJ...805...23C' on page 14 undefined on 
input line 1170.


Underfull \hbox (badness 10000) in paragraph at lines 1170--1177
[]\OT1/cmr/bx/n/10 ? \OT1/cmr/m/n/10 pro-vides a ex-am-ple of how the ci-ta-tio
n in the ar-ti-cle ref-er-ences the ex-ter-nal code at
 []


Package natbib Warning: Citation `2013A&A...558A..33A' on page 14 undefined on 
input line 1216.


Package natbib Warning: Citation `2018AJ....156..123A' on page 14 undefined on 
input line 1216.


Package natbib Warning: Citation `2013RMxAA..49..137F' on page 14 undefined on 
input line 1216.


Package natbib Warning: Citation `1996A&AS..117..393B' on page 14 undefined on 
input line 1216.

[14]

LaTeX Warning: Reference `chartable' on page 15 undefined on input line 1269.

[15]

Package longtable Warning: Column widths have changed
(longtable)                in table 1 on input line 1354.

[16] [17]

Package natbib Warning: Citation `2016AJ....152...41P' on page 18 undefined on 
input line 1365.

LaTeX Font Info:    Font shape `U/lasy/b/n' in size <7> not available
(Font)              Font shape `U/lasy/m/n' tried instead on input line 1375.
LaTeX Font Info:    Font shape `U/lasy/b/n' in size <5> not available
(Font)              Font shape `U/lasy/m/n' tried instead on input line 1375.
! Missing control sequence inserted.
<inserted text> 
                \inaccessible 
l.1390 2
        .&\verb+\nom{R}+&\nom{R} &=& nominal solar radius\\
? 
! Missing control sequence inserted.
<inserted text> 
                \inaccessible 
l.1390 2
        .&\verb+\nom{R}+&\nom{R} &=& nominal solar radius\\
? 
! Missing control sequence inserted.
<inserted text> 
                \inaccessible 
l.1390 2
        .&\verb+\nom{R}+&\nom{R} &=& nominal solar radius\\
? 
! Missing control sequence inserted.
<inserted text> 
                \inaccessible 
l.1390 2
        .&\verb+\nom{R}+&\nom{R} &=& nominal solar radius\\
? 
! Missing control sequence inserted.
<inserted text> 
                \inaccessible 
l.1390 2
        .&\verb+\nom{R}+&\nom{R} &=& nominal solar radius\\
? 
! Missing control sequence inserted.
<inserted text> 
                \inaccessible 
l.1391 3
        .&\verb+\nom{S}+& \nom{S}&=&  nominal total solar irradiance\\
? 
! Missing control sequence inserted.
<inserted text> 
                \inaccessible 
l.1391 3
        .&\verb+\nom{S}+& \nom{S}&=&  nominal total solar irradiance\\
? 
! Missing control sequence inserted.
<inserted text> 
                \inaccessible 
l.1391 3
        .&\verb+\nom{S}+& \nom{S}&=&  nominal total solar irradiance\\
? 
! Missing control sequence inserted.
<inserted text> 
                \inaccessible 
l.1391 3
        .&\verb+\nom{S}+& \nom{S}&=&  nominal total solar irradiance\\
? 
! Missing control sequence inserted.
<inserted text> 
                \inaccessible 
l.1391 3
        .&\verb+\nom{S}+& \nom{S}&=&  nominal total solar irradiance\\
? 
! Missing control sequence inserted.
<inserted text> 
                \inaccessible 
l.1392 4
        .&\verb+\nom{L}+& \nom{L}  &=&nominal solar luminosity\\
? 
! Missing control sequence inserted.
<inserted text> 
                \inaccessible 
l.1392 4
        .&\verb+\nom{L}+& \nom{L}  &=&nominal solar luminosity\\
? 
! Missing control sequence inserted.
<inserted text> 
                \inaccessible 
l.1392 4
        .&\verb+\nom{L}+& \nom{L}  &=&nominal solar luminosity\\
? 
! Missing control sequence inserted.
<inserted text> 
                \inaccessible 
l.1392 4
        .&\verb+\nom{L}+& \nom{L}  &=&nominal solar luminosity\\
? 
! Missing control sequence inserted.
<inserted text> 
                \inaccessible 
l.1392 4
        .&\verb+\nom{L}+& \nom{L}  &=&nominal solar luminosity\\
? 
! Missing control sequence inserted.
<inserted text> 
                \inaccessible 
l.1393 \end
           {tabular}
? 
! Missing control sequence inserted.
<inserted text> 
                \inaccessible 
l.1393 \end
           {tabular}
? 
! Missing control sequence inserted.
<inserted text> 
                \inaccessible 
l.1393 \end
           {tabular}
? 
! Missing control sequence inserted.
<inserted text> 
                \inaccessible 
l.1393 \end
           {tabular}
? 
! Missing control sequence inserted.
<inserted text> 
                \inaccessible 
l.1393 \end
           {tabular}
? 
! Missing control sequence inserted.
<inserted text> 
                \inaccessible 
l.1402 2
        .&\verb+\nomTerrEqRadius+&\nomTerrEqRadius  &=& nominal terrestrial
? 
! Missing control sequence inserted.
<inserted text> 
                \inaccessible 
l.1402 2
        .&\verb+\nomTerrEqRadius+&\nomTerrEqRadius  &=& nominal terrestrial
? 
! Missing control sequence inserted.
<inserted text> 
                \inaccessible 
l.1402 2
        .&\verb+\nomTerrEqRadius+&\nomTerrEqRadius  &=& nominal terrestrial
? 
! Missing control sequence inserted.
<inserted text> 
                \inaccessible 
l.1402 2
        .&\verb+\nomTerrEqRadius+&\nomTerrEqRadius  &=& nominal terrestrial
? 
! Missing control sequence inserted.
<inserted text> 
                \inaccessible 
l.1402 2
        .&\verb+\nomTerrEqRadius+&\nomTerrEqRadius  &=& nominal terrestrial
? 
! Missing control sequence inserted.
<inserted text> 
                \inaccessible 
l.1404 &
        \verb+\nomTerrPolarRadius+ &\nomTerrPolarRadius &=& nominal
? 
! Missing control sequence inserted.
<inserted text> 
                \inaccessible 
l.1404 &
        \verb+\nomTerrPolarRadius+ &\nomTerrPolarRadius &=& nominal
? 
! Missing control sequence inserted.
<inserted text> 
                \inaccessible 
l.1404 &
        \verb+\nomTerrPolarRadius+ &\nomTerrPolarRadius &=& nominal
? 
! Missing control sequence inserted.
<inserted text> 
                \inaccessible 
l.1404 &
        \verb+\nomTerrPolarRadius+ &\nomTerrPolarRadius &=& nominal
? 
! Missing control sequence inserted.
<inserted text> 
                \inaccessible 
l.1404 &
        \verb+\nomTerrPolarRadius+ &\nomTerrPolarRadius &=& nominal
? 
! Missing control sequence inserted.
<inserted text> 
                \inaccessible 
l.1406 &
        \verb+\nomTerrEqRadius+&\nomTerrEqRadius&& should be used if equatorial

? 
! Missing control sequence inserted.
<inserted text> 
                \inaccessible 
l.1406 &
        \verb+\nomTerrEqRadius+&\nomTerrEqRadius&& should be used if equatorial

? 
! Missing control sequence inserted.
<inserted text> 
                \inaccessible 
l.1406 &
        \verb+\nomTerrEqRadius+&\nomTerrEqRadius&& should be used if equatorial

? 
! Missing control sequence inserted.
<inserted text> 
                \inaccessible 
l.1406 &
        \verb+\nomTerrEqRadius+&\nomTerrEqRadius&& should be used if equatorial

? 
! Missing control sequence inserted.
<inserted text> 
                \inaccessible 
l.1406 &
        \verb+\nomTerrEqRadius+&\nomTerrEqRadius&& should be used if equatorial

? 
! Missing control sequence inserted.
<inserted text> 
                \inaccessible 
l.1408 3
        .&\verb+\nomJovianEqRadius+&\nomJovianEqRadius&=& nominal one-bar eq...

? 
! Missing control sequence inserted.
<inserted text> 
                \inaccessible 
l.1408 3
        .&\verb+\nomJovianEqRadius+&\nomJovianEqRadius&=& nominal one-bar eq...

? 
! Missing control sequence inserted.
<inserted text> 
                \inaccessible 
l.1408 3
        .&\verb+\nomJovianEqRadius+&\nomJovianEqRadius&=& nominal one-bar eq...

? 
! Missing control sequence inserted.
<inserted text> 
                \inaccessible 
l.1408 3
        .&\verb+\nomJovianEqRadius+&\nomJovianEqRadius&=& nominal one-bar eq...

? 
! Missing control sequence inserted.
<inserted text> 
                \inaccessible 
l.1408 3
        .&\verb+\nomJovianEqRadius+&\nomJovianEqRadius&=& nominal one-bar eq...

? 
! Missing control sequence inserted.
<inserted text> 
                \inaccessible 
l.1410 &
        \verb+\nomJovianPolarRadius+&\nomJovianPolarRadius &=& nominal polar...

? 
! Missing control sequence inserted.
<inserted text> 
                \inaccessible 
l.1410 &
        \verb+\nomJovianPolarRadius+&\nomJovianPolarRadius &=& nominal polar...

? 
! Missing control sequence inserted.
<inserted text> 
                \inaccessible 
l.1410 &
        \verb+\nomJovianPolarRadius+&\nomJovianPolarRadius &=& nominal polar...

? 
! Missing control sequence inserted.
<inserted text> 
                \inaccessible 
l.1410 &
        \verb+\nomJovianPolarRadius+&\nomJovianPolarRadius &=& nominal polar...

? 
! Missing control sequence inserted.
<inserted text> 
                \inaccessible 
l.1410 &
        \verb+\nomJovianPolarRadius+&\nomJovianPolarRadius &=& nominal polar...

? 
! Missing control sequence inserted.
<inserted text> 
                \inaccessible 
l.1411 &
        \verb+\nomJovianEqRadius+&\nomJovianEqRadius&& should be used if Jov...

? 
! Missing control sequence inserted.
<inserted text> 
                \inaccessible 
l.1411 &
        \verb+\nomJovianEqRadius+&\nomJovianEqRadius&& should be used if Jov...

? 
! Missing control sequence inserted.
<inserted text> 
                \inaccessible 
l.1411 &
        \verb+\nomJovianEqRadius+&\nomJovianEqRadius&& should be used if Jov...

? 
! Missing control sequence inserted.
<inserted text> 
                \inaccessible 
l.1411 &
        \verb+\nomJovianEqRadius+&\nomJovianEqRadius&& should be used if Jov...

? 
! Missing control sequence inserted.
<inserted text> 
                \inaccessible 
l.1411 &
        \verb+\nomJovianEqRadius+&\nomJovianEqRadius&& should be used if Jov...

? 
! Missing control sequence inserted.
<inserted text> 
                \inaccessible 
l.1413 4
        .&\verb+\nomTerrMass+ &\nomTerrMass &=& nominal terrestrial mass
? 
! Missing control sequence inserted.
<inserted text> 
                \inaccessible 
l.1413 4
        .&\verb+\nomTerrMass+ &\nomTerrMass &=& nominal terrestrial mass
? 
! Missing control sequence inserted.
<inserted text> 
                \inaccessible 
l.1413 4
        .&\verb+\nomTerrMass+ &\nomTerrMass &=& nominal terrestrial mass
? 
! Missing control sequence inserted.
<inserted text> 
                \inaccessible 
l.1413 4
        .&\verb+\nomTerrMass+ &\nomTerrMass &=& nominal terrestrial mass
? 
! Missing control sequence inserted.
<inserted text> 
                \inaccessible 
l.1413 4
        .&\verb+\nomTerrMass+ &\nomTerrMass &=& nominal terrestrial mass
? 
! Missing control sequence inserted.
<inserted text> 
                \inaccessible 
l.1415 &
        \verb+\nomJovianMass+ &\nomJovianMass &=& nominal Jovian mass parame...

? 
! Missing control sequence inserted.
<inserted text> 
                \inaccessible 
l.1415 &
        \verb+\nomJovianMass+ &\nomJovianMass &=& nominal Jovian mass parame...

? 
! Missing control sequence inserted.
<inserted text> 
                \inaccessible 
l.1415 &
        \verb+\nomJovianMass+ &\nomJovianMass &=& nominal Jovian mass parame...

? 
! Missing control sequence inserted.
<inserted text> 
                \inaccessible 
l.1415 &
        \verb+\nomJovianMass+ &\nomJovianMass &=& nominal Jovian mass parame...

? 
! Missing control sequence inserted.
<inserted text> 
                \inaccessible 
l.1415 &
        \verb+\nomJovianMass+ &\nomJovianMass &=& nominal Jovian mass parame...

? 
! Missing control sequence inserted.
<inserted text> 
                \inaccessible 
l.1416 \end
           {tabular}
? 
! Missing control sequence inserted.
<inserted text> 
                \inaccessible 
l.1416 \end
           {tabular}
? 
! Missing control sequence inserted.
<inserted text> 
                \inaccessible 
l.1416 \end
           {tabular}
? 
! Missing control sequence inserted.
<inserted text> 
                \inaccessible 
l.1416 \end
           {tabular}
? 
! Missing control sequence inserted.
<inserted text> 
                \inaccessible 
l.1416 \end
           {tabular}
? 
[18]
No file sample631.bbl.

Package natbib Warning: There were undefined citations.


Package longtable Warning: Table widths have changed. Rerun LaTeX.

[19] (./sample631.aux)

LaTeX Font Warning: Some font shapes were not available, defaults substituted.


LaTeX Warning: There were undefined references.


LaTeX Warning: Label(s) may have changed. Rerun to get cross-references right.


Package rerunfilecheck Warning: File `sample631.out' has changed.
(rerunfilecheck)                Rerun to get outlines right
(rerunfilecheck)                or use package `bookmark'.

Package rerunfilecheck Info: Checksums for `sample631.out':
(rerunfilecheck)             Before: <no file>
(rerunfilecheck)             After:  8A6E6979E44215823256CB81C018F471;4072.
 ) 
Here is how much of TeX's memory you used:
 13063 strings out of 478268
 195660 string characters out of 5846347
 659447 words of memory out of 5000000
 30985 multiletter control sequences out of 15000+600000
 485011 words of font info for 89 fonts, out of 8000000 for 9000
 1141 hyphenation exceptions out of 8191
 75i,13n,77p,314b,605s stack positions out of 10000i,1000n,20000p,200000b,200000s
{/usr/local/texlive/2022/texmf-dist/fonts/enc/dvips/cm-super/cm-super-ts1.enc
}</usr/local/texlive/2022/texmf-dist/fonts/type1/public/amsfonts/cm/cmbsy10.pfb
></usr/local/texlive/2022/texmf-dist/fonts/type1/public/amsfonts/cmextra/cmbsy7
.pfb></usr/local/texlive/2022/texmf-dist/fonts/type1/public/amsfonts/cm/cmbx10.
pfb></usr/local/texlive/2022/texmf-dist/fonts/type1/public/amsfonts/cm/cmbx7.pf
b></usr/local/texlive/2022/texmf-dist/fonts/type1/public/amsfonts/cm/cmbx8.pfb>
</usr/local/texlive/2022/texmf-dist/fonts/type1/public/amsfonts/cm/cmbx9.pfb></
usr/local/texlive/2022/texmf-dist/fonts/type1/public/amsfonts/cm/cmbxti10.pfb><
/usr/local/texlive/2022/texmf-dist/fonts/type1/public/amsfonts/cm/cmcsc10.pfb><
/usr/local/texlive/2022/texmf-dist/fonts/type1/public/amsfonts/cm/cmex10.pfb></
usr/local/texlive/2022/texmf-dist/fonts/type1/public/amsfonts/cm/cmmi10.pfb></u
sr/local/texlive/2022/texmf-dist/fonts/type1/public/amsfonts/cm/cmmi5.pfb></usr
/local/texlive/2022/texmf-dist/fonts/type1/public/amsfonts/cm/cmmi7.pfb></usr/l
ocal/texlive/2022/texmf-dist/fonts/type1/public/amsfonts/cm/cmmi9.pfb></usr/loc
al/texlive/2022/texmf-dist/fonts/type1/public/amsfonts/cmextra/cmmib7.pfb></usr
/local/texlive/2022/texmf-dist/fonts/type1/public/amsfonts/cm/cmr10.pfb></usr/l
ocal/texlive/2022/texmf-dist/fonts/type1/public/amsfonts/cm/cmr5.pfb></usr/loca
l/texlive/2022/texmf-dist/fonts/type1/public/amsfonts/cm/cmr6.pfb></usr/local/t
exlive/2022/texmf-dist/fonts/type1/public/amsfonts/cm/cmr7.pfb></usr/local/texl
ive/2022/texmf-dist/fonts/type1/public/amsfonts/cm/cmr8.pfb></usr/local/texlive
/2022/texmf-dist/fonts/type1/public/amsfonts/cm/cmr9.pfb></usr/local/texlive/20
22/texmf-dist/fonts/type1/public/amsfonts/cm/cmss8.pfb></usr/local/texlive/2022
/texmf-dist/fonts/type1/public/amsfonts/cm/cmsy10.pfb></usr/local/texlive/2022/
texmf-dist/fonts/type1/public/amsfonts/cm/cmsy5.pfb></usr/local/texlive/2022/te
xmf-dist/fonts/type1/public/amsfonts/cm/cmsy6.pfb></usr/local/texlive/2022/texm
f-dist/fonts/type1/public/amsfonts/cm/cmsy7.pfb></usr/local/texlive/2022/texmf-
dist/fonts/type1/public/amsfonts/cm/cmti10.pfb></usr/local/texlive/2022/texmf-d
ist/fonts/type1/public/amsfonts/cm/cmti12.pfb></usr/local/texlive/2022/texmf-di
st/fonts/type1/public/amsfonts/cm/cmti8.pfb></usr/local/texlive/2022/texmf-dist
/fonts/type1/public/amsfonts/cm/cmti9.pfb></usr/local/texlive/2022/texmf-dist/f
onts/type1/public/amsfonts/cm/cmtt10.pfb></usr/local/texlive/2022/texmf-dist/fo
nts/type1/public/amsfonts/cm/cmtt8.pfb></usr/local/texlive/2022/texmf-dist/font
s/type1/public/amsfonts/cm/cmtt9.pfb></usr/local/texlive/2022/texmf-dist/fonts/
type1/public/cm-super/sfrm1000.pfb>
Output written on sample631.pdf (19 pages, 468720 bytes).
PDF statistics:
 374 PDF objects out of 1000 (max. 8388607)
 284 compressed objects within 3 object streams
 89 named destinations out of 1000 (max. 500000)
 1 words of extra memory for PDF output out of 10000 (max. 10000000)

