%   5.490237   -1.136290   -1.155856    1.300691    8.135421   -0.114795   -0.092302    0.568633     17.3792     10.9347
%   0.26019 8.9155E-01 2.1681E+01
% DE,DS,Phase,SunLat,ELat,ELHA,Mags
% 0.5178 1.1066  63.0  28.3 -13.1  -49.1 16.00 13.92  8.05  6.20
% 0.6093 1.2619  50.2  29.0   8.5   48.9 16.27 14.13  8.23  6.39
% 0.3748 1.1038  64.1 -24.0 -70.7   79.7 15.02 12.32  6.71  5.02
% 0.7955 1.3191  48.3  25.1  -1.9   41.3 16.97 15.11  9.02  7.11
/wvl [
  0.550  0.578  0.608  0.639  0.671  0.705  0.741  0.779  0.819  0.861  0.905
  0.951  0.999  1.050  1.104  1.160  1.219  1.281  1.347  1.415  1.488  1.563
  1.643  1.727  1.815  1.908  2.005  2.107  2.215  2.328  2.446  2.571  2.702
  2.840  2.985  3.137  3.297  3.465  3.642  3.828  4.023  4.228  4.444  4.671
  4.909  5.159  5.422  5.699  5.990  6.295  6.616  6.954  7.308  7.681  8.073
  8.485  8.917  9.372  9.850 10.353 10.881 11.436 12.019 12.632 13.276 13.954
 14.665 15.413 16.200 17.026 17.894 18.807 19.766 20.774 21.834 22.948 24.118
 25.348 26.641 28.000
] def
1 0 0 SRGB
  3.353  0.054 1.049E-13 QQ
  4.603  0.036 2.771E-13 QQ
/ft [
 9.268E-13
 9.583E-13
 9.812E-13
 9.953E-13
 1.001E-12
 9.980E-13
 9.875E-13
 9.700E-13
 9.463E-13
 9.171E-13
 8.835E-13
 8.463E-13
 8.062E-13
 7.642E-13
 7.210E-13
 6.772E-13
 6.335E-13
 5.902E-13
 5.479E-13
 5.069E-13
 4.674E-13
 4.297E-13
 3.939E-13
 3.602E-13
 3.285E-13
 2.989E-13
 2.714E-13
 2.459E-13
 2.223E-13
 2.007E-13
 1.810E-13
 1.631E-13
 1.470E-13
 1.329E-13
 1.209E-13
 1.116E-13
 1.056E-13
 1.034E-13
 1.065E-13
 1.176E-13
 1.392E-13
 1.744E-13
 2.264E-13
 2.991E-13
 3.961E-13
 5.210E-13
 6.768E-13
 8.657E-13
 1.089E-12
 1.345E-12
 1.633E-12
 1.948E-12
 2.286E-12
 2.640E-12
 3.002E-12
 3.363E-12
 3.715E-12
 4.049E-12
 4.356E-12
 4.630E-12
 4.864E-12
 5.055E-12
 5.198E-12
 5.293E-12
 5.339E-12
 5.339E-12
 5.294E-12
 5.207E-12
 5.084E-12
 4.929E-12
 4.747E-12
 4.544E-12
 4.323E-12
 4.090E-12
 3.849E-12
 3.604E-12
 3.359E-12
 3.117E-12
 2.880E-12
 2.651E-12
] def doit
0 0.7 0 SRGB
  3.353  0.251 1.018E-13 QQ
  4.603  0.102 2.362E-13 QQ
/ft [
 7.244E-13
 7.490E-13
 7.669E-13
 7.779E-13
 7.822E-13
 7.801E-13
 7.719E-13
 7.582E-13
 7.396E-13
 7.169E-13
 6.906E-13
 6.614E-13
 6.302E-13
 5.973E-13
 5.636E-13
 5.293E-13
 4.951E-13
 4.613E-13
 4.282E-13
 3.962E-13
 3.653E-13
 3.359E-13
 3.079E-13
 2.815E-13
 2.567E-13
 2.336E-13
 2.121E-13
 1.922E-13
 1.738E-13
 1.569E-13
 1.415E-13
 1.274E-13
 1.149E-13
 1.038E-13
 9.451E-14
 8.724E-14
 8.262E-14
 8.113E-14
 8.392E-14
 9.335E-14
 1.115E-13
 1.409E-13
 1.845E-13
 2.455E-13
 3.272E-13
 4.327E-13
 5.646E-13
 7.249E-13
 9.145E-13
 1.133E-12
 1.379E-12
 1.648E-12
 1.937E-12
 2.239E-12
 2.548E-12
 2.857E-12
 3.157E-12
 3.441E-12
 3.702E-12
 3.933E-12
 4.130E-12
 4.289E-12
 4.407E-12
 4.484E-12
 4.518E-12
 4.512E-12
 4.468E-12
 4.389E-12
 4.279E-12
 4.142E-12
 3.983E-12
 3.806E-12
 3.615E-12
 3.414E-12
 3.207E-12
 2.998E-12
 2.790E-12
 2.584E-12
 2.384E-12
 2.191E-12
] def doit
0 0 1 SRGB
  3.353  0.112 2.863E-13 QQ
  4.603  0.221 8.877E-13 QQ
/ft [
 1.725E-12
 1.783E-12
 1.826E-12
 1.852E-12
 1.863E-12
 1.857E-12
 1.838E-12
 1.805E-12
 1.761E-12
 1.707E-12
 1.644E-12
 1.575E-12
 1.500E-12
 1.422E-12
 1.342E-12
 1.260E-12
 1.179E-12
 1.098E-12
 1.020E-12
 9.433E-13
 8.698E-13
 7.997E-13
 7.331E-13
 6.703E-13
 6.113E-13
 5.562E-13
 5.050E-13
 4.576E-13
 4.139E-13
 3.740E-13
 3.377E-13
 3.053E-13
 2.774E-13
 2.547E-13
 2.388E-13
 2.323E-13
 2.389E-13
 2.629E-13
 3.113E-13
 3.946E-13
 5.236E-13
 7.106E-13
 9.693E-13
 1.313E-12
 1.756E-12
 2.307E-12
 2.975E-12
 3.763E-12
 4.668E-12
 5.682E-12
 6.790E-12
 7.972E-12
 9.203E-12
 1.045E-11
 1.169E-11
 1.288E-11
 1.400E-11
 1.502E-11
 1.591E-11
 1.665E-11
 1.723E-11
 1.763E-11
 1.787E-11
 1.794E-11
 1.785E-11
 1.760E-11
 1.722E-11
 1.673E-11
 1.613E-11
 1.545E-11
 1.470E-11
 1.391E-11
 1.309E-11
 1.226E-11
 1.142E-11
 1.059E-11
 9.773E-12
 8.986E-12
 8.231E-12
 7.513E-12
] def doit
0 setgray
  3.353  0.171 3.398E-14 QQ
  4.603  0.132 8.457E-14 QQ
 11.561  0.073 1.889E-12 QQ
 22.088  0.063 1.728E-12 QQ
/ft [
 4.090E-13
 4.230E-13
 4.331E-13
 4.393E-13
 4.417E-13
 4.405E-13
 4.359E-13
 4.281E-13
 4.177E-13
 4.048E-13
 3.900E-13
 3.735E-13
 3.559E-13
 3.373E-13
 3.182E-13
 2.989E-13
 2.796E-13
 2.605E-13
 2.418E-13
 2.237E-13
 2.063E-13
 1.897E-13
 1.739E-13
 1.590E-13
 1.450E-13
 1.319E-13
 1.198E-13
 1.085E-13
 9.812E-14
 8.857E-14
 7.983E-14
 7.187E-14
 6.467E-14
 5.825E-14
 5.264E-14
 4.796E-14
 4.440E-14
 4.206E-14
 4.136E-14
 4.335E-14
 4.888E-14
 5.905E-14
 7.515E-14
 9.868E-14
 1.312E-13
 1.744E-13
 2.297E-13
 2.982E-13
 3.809E-13
 4.780E-13
 5.891E-13
 7.132E-13
 8.485E-13
 9.926E-13
 1.142E-12
 1.295E-12
 1.445E-12
 1.591E-12
 1.728E-12
 1.853E-12
 1.962E-12
 2.055E-12
 2.128E-12
 2.180E-12
 2.213E-12
 2.225E-12
 2.217E-12
 2.191E-12
 2.148E-12
 2.091E-12
 2.020E-12
 1.940E-12
 1.851E-12
 1.756E-12
 1.656E-12
 1.554E-12
 1.451E-12
 1.349E-12
 1.249E-12
 1.151E-12
] def doit
